Using pre-set license
Built from '2020.3/staging' branch; Version is '2020.3.28f1 (f5400f52e03f) revision 16072719'; Using compiler version '192528614'; Build Type 'Release'
OS: 'Windows 11  (10.0.22000) 64bit Core' Language: 'en' Physical Memory: 32160 MB
BatchMode: 1, IsHumanControllingUs: 0, StartBugReporterOnCrash: 0, Is64bit: 1, IsPro: 0

COMMAND LINE ARGUMENTS:
C:\Program Files\Unity\Hub\Editor\2020.3.28f1\Editor\Unity.exe
-adb2
-batchMode
-noUpm
-name
AssetImportWorker0
-projectPath
C:/Users/memon/Documents/GitHub/UnityGame/Phase2_Hi
-logFile
Logs/AssetImportWorker0.log
-srvPort
50990
Successfully changed project path to: C:/Users/memon/Documents/GitHub/UnityGame/Phase2_Hi
C:/Users/memon/Documents/GitHub/UnityGame/Phase2_Hi
Using Asset Import Pipeline V2.
Refreshing native plugins compatible for Editor in 64.51 ms, found 2 plugins.
Preloading 0 native plugins for Editor in 0.00 ms.
Initialize engine version: 2020.3.28f1 (f5400f52e03f)
[Subsystems] Discovering subsystems at path C:/Program Files/Unity/Hub/Editor/2020.3.28f1/Editor/Data/Resources/UnitySubsystems
[Subsystems] Discovering subsystems at path C:/Users/memon/Documents/GitHub/UnityGame/Phase2_Hi/Assets
GfxDevice: creating device client; threaded=0
Direct3D:
    Version:  Direct3D 11.0 [level 11.1]
    Renderer: AMD Radeon(TM) Graphics (ID=0x1638)
    Vendor:   
    VRAM:     16080 MB
    Driver:   27.20.14044.2001
Initialize mono
Mono path[0] = 'C:/Program Files/Unity/Hub/Editor/2020.3.28f1/Editor/Data/Managed'
Mono path[1] = 'C:/Program Files/Unity/Hub/Editor/2020.3.28f1/Editor/Data/MonoBleedingEdge/lib/mono/unityjit'
Mono config path = 'C:/Program Files/Unity/Hub/Editor/2020.3.28f1/Editor/Data/MonoBleedingEdge/etc'
Using monoOptions --debugger-agent=transport=dt_socket,embedding=1,server=y,suspend=n,address=127.0.0.1:56692
Begin MonoManager ReloadAssembly
Registering precompiled unity dll's ...
Register platform support module: C:/Program Files/Unity/Hub/Editor/2020.3.28f1/Editor/Data/PlaybackEngines/WindowsStandaloneSupport/UnityEditor.WindowsStandalone.Extensions.dll
Registered in 0.002691 seconds.
Native extension for WindowsStandalone target not found
Refreshing native plugins compatible for Editor in 55.21 ms, found 2 plugins.
Preloading 0 native plugins for Editor in 0.00 ms.
Mono: successfully reloaded assembly
- Completed reload, in  0.754 seconds
Domain Reload Profiling:
	ReloadAssembly (754ms)
		BeginReloadAssembly (94ms)
			ExecutionOrderSort (0ms)
			DisableScriptedObjects (0ms)
			BackupInstance (0ms)
			ReleaseScriptingObjects (0ms)
			CreateAndSetChildDomain (1ms)
		EndReloadAssembly (571ms)
			LoadAssemblies (90ms)
			RebuildTransferFunctionScriptingTraits (0ms)
			SetupTypeCache (182ms)
			ReleaseScriptCaches (0ms)
			RebuildScriptCaches (34ms)
			SetupLoadedEditorAssemblies (219ms)
				LogAssemblyErrors (0ms)
				InitializePlatformSupportModulesInManaged (5ms)
				SetLoadedEditorAssemblies (0ms)
				RefreshPlugins (55ms)
				BeforeProcessingInitializeOnLoad (16ms)
				ProcessInitializeOnLoadAttributes (106ms)
				ProcessInitializeOnLoadMethodAttributes (35ms)
				AfterProcessingInitializeOnLoad (0ms)
				EditorAssembliesLoaded (0ms)
			ExecutionOrderSort2 (0ms)
			AwakeInstancesAfterBackupRestoration (0ms)
Platform modules already initialized, skipping
Registering precompiled user dll's ...
Registered in 0.005578 seconds.
Begin MonoManager ReloadAssembly
Native extension for WindowsStandalone target not found
Refreshing native plugins compatible for Editor in 0.58 ms, found 2 plugins.
Preloading 0 native plugins for Editor in 0.00 ms.
Mono: successfully reloaded assembly
- Completed reload, in  1.339 seconds
Domain Reload Profiling:
	ReloadAssembly (1341ms)
		BeginReloadAssembly (187ms)
			ExecutionOrderSort (0ms)
			DisableScriptedObjects (6ms)
			BackupInstance (0ms)
			ReleaseScriptingObjects (0ms)
			CreateAndSetChildDomain (22ms)
		EndReloadAssembly (1072ms)
			LoadAssemblies (134ms)
			RebuildTransferFunctionScriptingTraits (0ms)
			SetupTypeCache (376ms)
			ReleaseScriptCaches (0ms)
			RebuildScriptCaches (52ms)
			SetupLoadedEditorAssemblies (422ms)
				LogAssemblyErrors (0ms)
				InitializePlatformSupportModulesInManaged (6ms)
				SetLoadedEditorAssemblies (1ms)
				RefreshPlugins (1ms)
				BeforeProcessingInitializeOnLoad (128ms)
				ProcessInitializeOnLoadAttributes (264ms)
				ProcessInitializeOnLoadMethodAttributes (12ms)
				AfterProcessingInitializeOnLoad (10ms)
				EditorAssembliesLoaded (0ms)
			ExecutionOrderSort2 (0ms)
			AwakeInstancesAfterBackupRestoration (9ms)
Platform modules already initialized, skipping
========================================================================
Worker process is ready to serve import requests
Launched and connected shader compiler UnityShaderCompiler.exe after 0.09 seconds
Refreshing native plugins compatible for Editor in 0.60 ms, found 2 plugins.
Preloading 0 native plugins for Editor in 0.00 ms.
Unloading 1796 Unused Serialized files (Serialized files now loaded: 0)
System memory in use before: 108.6 MB.
System memory in use after: 108.7 MB.

Unloading 17 unused Assets to reduce memory usage. Loaded Objects now: 2257.
Total: 3.489500 ms (FindLiveObjects: 0.194400 ms CreateObjectMapping: 0.066900 ms MarkObjects: 3.085300 ms  DeleteObjects: 0.141800 ms)

AssetImportParameters requested are different than current active one (requested -> active):
  custom:framework-win-MediaFoundation: 216162199b28c13a410421893ffa2e32 -> 
  custom:video-decoder-ogg-theora: a1e56fd34408186e4bbccfd4996cb3dc -> 
  custom:container-muxer-webm: aa71ff27fc2769a1b78a27578f13a17b -> 
  custom:container-demuxer-webm: 4f35f7cbe854078d1ac9338744f61a02 -> 
  custom:container-demuxer-ogg: 62fdf1f143b41e24485cea50d1cbac27 -> 
  custom:video-encoder-webm-vp8: eb34c28f22e8b96e1ab97ce403110664 -> 
  custom:video-codec-MediaFoundation-h265: 746d11721c4dcdbdad8f713fa42b33f4 -> 
  custom:video-decoder-webm-vp8: 9c59270c3fd7afecdb556c50c9e8de78 -> 
  custom:audio-decoder-ogg-vorbis: bf7c407c2cedff20999df2af8eb42d56 -> 
  custom:audio-encoder-webm-vorbis: bf7c407c2cedff20999df2af8eb42d56 -> 
========================================================================
Received Import Request.
  path: Assets/RpgAdv/Scripts/Enemies
  artifactKey: Guid(522e02a86fa3fd743a476d4594651bb8) Importer(815301076,1909f56bfc062723c751e8b465ee728b)
Start importing Assets/RpgAdv/Scripts/Enemies using Guid(522e02a86fa3fd743a476d4594651bb8) Importer(815301076,1909f56bfc062723c751e8b465ee728b)  -> (artifact id: 'de2308a5a2eaeb8de77529bae1a64776') in 0.006618 seconds 
  Import took 0.009760 seconds .

========================================================================
Received Import Request.
  Time since last request: 5.752600 seconds.
  path: Assets/RpgAdv/Prefabs/Enemy_1.prefab
  artifactKey: Guid(d009a4ec9eec8ff4a840f5ebca4a877a) Importer(815301076,1909f56bfc062723c751e8b465ee728b)
Start importing Assets/RpgAdv/Prefabs/Enemy_1.prefab using Guid(d009a4ec9eec8ff4a840f5ebca4a877a) Importer(815301076,1909f56bfc062723c751e8b465ee728b)  -> (artifact id: '23aa3c0ac16ca24083acd1b9db24e487') in 0.559430 seconds 
  Import took 0.576082 seconds .

========================================================================
Received Import Request.
  Time since last request: 0.000402 seconds.
  path: Assets/RpgAdv/Prefabs/TeleportPad.prefab
  artifactKey: Guid(206106832f799e642b76e2799a1e5437) Importer(815301076,1909f56bfc062723c751e8b465ee728b)
Start importing Assets/RpgAdv/Prefabs/TeleportPad.prefab using Guid(206106832f799e642b76e2799a1e5437) Importer(815301076,1909f56bfc062723c751e8b465ee728b)  -> (artifact id: '13c9dc81ae9414fa09f57ef170886695') in 0.022512 seconds 
  Import took 0.028147 seconds .

========================================================================
Received Import Request.
  Time since last request: 0.000486 seconds.
  path: Assets/RpgAdv/Prefabs/TeleportExit1.prefab
  artifactKey: Guid(1156737077d42194dab0f691bdc41a2f) Importer(815301076,1909f56bfc062723c751e8b465ee728b)
Start importing Assets/RpgAdv/Prefabs/TeleportExit1.prefab using Guid(1156737077d42194dab0f691bdc41a2f) Importer(815301076,1909f56bfc062723c751e8b465ee728b)  -> (artifact id: 'af20b2ac53e28adfbf49330b65b9bbe0') in 0.019027 seconds 
  Import took 0.024247 seconds .

========================================================================
Received Import Request.
  Time since last request: 0.000406 seconds.
  path: Assets/RpgAdv/Prefabs/MinionRagdoll.prefab
  artifactKey: Guid(a017581ac30997d4aaa7a0365bad9378) Importer(815301076,1909f56bfc062723c751e8b465ee728b)
Start importing Assets/RpgAdv/Prefabs/MinionRagdoll.prefab using Guid(a017581ac30997d4aaa7a0365bad9378) Importer(815301076,1909f56bfc062723c751e8b465ee728b)  -> (artifact id: '5a1ff019ff8605d8719e5ec6d4a20c9a') in 0.122795 seconds 
  Import took 0.133146 seconds .

========================================================================
Received Import Request.
  Time since last request: 0.000442 seconds.
  path: Assets/RpgAdv/Prefabs/Female A.prefab
  artifactKey: Guid(54f585e2dfdf22644b71e84b2ed8d695) Importer(815301076,1909f56bfc062723c751e8b465ee728b)
Start importing Assets/RpgAdv/Prefabs/Female A.prefab using Guid(54f585e2dfdf22644b71e84b2ed8d695) Importer(815301076,1909f56bfc062723c751e8b465ee728b)  -> (artifact id: '8f9ce6678c9ab5b927c151457c9548db') in 0.154278 seconds 
  Import took 0.167605 seconds .

========================================================================
Received Import Request.
  Time since last request: 0.000368 seconds.
  path: Assets/RpgAdv/Prefabs
  artifactKey: Guid(230f1f134a62c984ea187aa11d16a58e) Importer(815301076,1909f56bfc062723c751e8b465ee728b)
Start importing Assets/RpgAdv/Prefabs using Guid(230f1f134a62c984ea187aa11d16a58e) Importer(815301076,1909f56bfc062723c751e8b465ee728b)  -> (artifact id: 'bbe127d8ea7f00a03b379758790e87b0') in 0.004959 seconds 
  Import took 0.009639 seconds .

========================================================================
Received Import Request.
  Time since last request: 0.000522 seconds.
  path: Assets/RpgAdv/Prefabs/Male A.prefab
  artifactKey: Guid(34f3909c0222bfb4b85e8637036595e1) Importer(815301076,1909f56bfc062723c751e8b465ee728b)
Start importing Assets/RpgAdv/Prefabs/Male A.prefab using Guid(34f3909c0222bfb4b85e8637036595e1) Importer(815301076,1909f56bfc062723c751e8b465ee728b)  -> (artifact id: '83eda4634aaa6db35259fdb81c83a5f2') in 0.125874 seconds 
  Import took 0.137765 seconds .

========================================================================
Received Import Request.
  Time since last request: 0.000450 seconds.
  path: Assets/RpgAdv/Prefabs/Enemy_1Ragdoll.prefab
  artifactKey: Guid(4fde151939e27e5449023893b903cddf) Importer(815301076,1909f56bfc062723c751e8b465ee728b)
Start importing Assets/RpgAdv/Prefabs/Enemy_1Ragdoll.prefab using Guid(4fde151939e27e5449023893b903cddf) Importer(815301076,1909f56bfc062723c751e8b465ee728b)  -> (artifact id: 'd4ab68b04c9815bdcd6d5930c40fa9fc') in 0.181743 seconds 
  Import took 0.197905 seconds .

========================================================================
Received Import Request.
  Time since last request: 17.194761 seconds.
  path: Assets/RpgAdv/Prefabs/Enemies
  artifactKey: Guid(bcee08657ee25e644a165dce91fea6c9) Importer(815301076,1909f56bfc062723c751e8b465ee728b)
Start importing Assets/RpgAdv/Prefabs/Enemies using Guid(bcee08657ee25e644a165dce91fea6c9) Importer(815301076,1909f56bfc062723c751e8b465ee728b)  -> (artifact id: '7c88b9f1815e9c9e66254c107c1b9261') in 0.005488 seconds 
  Import took 0.009345 seconds .

========================================================================
Received Import Request.
  Time since last request: 21.566736 seconds.
  path: Assets/RpgAdv/Prefabs/Enemies/Enemy_1.prefab
  artifactKey: Guid(d009a4ec9eec8ff4a840f5ebca4a877a) Importer(815301076,1909f56bfc062723c751e8b465ee728b)
Start importing Assets/RpgAdv/Prefabs/Enemies/Enemy_1.prefab using Guid(d009a4ec9eec8ff4a840f5ebca4a877a) Importer(815301076,1909f56bfc062723c751e8b465ee728b)  -> (artifact id: '609158b84d9a7f053fd6f71dc4e154bb') in 0.177428 seconds 
  Import took 0.190246 seconds .

========================================================================
Received Import Request.
  Time since last request: 20.131317 seconds.
  path: Assets/RpgAdv/Prefabs/Enemies/Variants
  artifactKey: Guid(95dc6b6d707325248b3b61240fcb6246) Importer(815301076,1909f56bfc062723c751e8b465ee728b)
Start importing Assets/RpgAdv/Prefabs/Enemies/Variants using Guid(95dc6b6d707325248b3b61240fcb6246) Importer(815301076,1909f56bfc062723c751e8b465ee728b)  -> (artifact id: 'a68d2e6b28f42b1b3854805997ed973d') in 0.004175 seconds 
  Import took 0.007839 seconds .

========================================================================
Received Import Request.
  Time since last request: 24.254064 seconds.
  path: Assets/RpgAdv/Prefabs/Enemies/Enemy_1 Variant.prefab
  artifactKey: Guid(3efb649dadbc3c949af9f5e78ac639ee) Importer(815301076,1909f56bfc062723c751e8b465ee728b)
Start importing Assets/RpgAdv/Prefabs/Enemies/Enemy_1 Variant.prefab using Guid(3efb649dadbc3c949af9f5e78ac639ee) Importer(815301076,1909f56bfc062723c751e8b465ee728b)  -> (artifact id: '13330aefc150e569072190501ee3e0e1') in 0.289511 seconds 
  Import took 0.310577 seconds .

========================================================================
Received Import Request.
  Time since last request: 16.369502 seconds.
  path: Assets/RpgAdv/Prefabs/Enemies/NormalBandit.prefab
  artifactKey: Guid(3efb649dadbc3c949af9f5e78ac639ee) Importer(815301076,1909f56bfc062723c751e8b465ee728b)
Start importing Assets/RpgAdv/Prefabs/Enemies/NormalBandit.prefab using Guid(3efb649dadbc3c949af9f5e78ac639ee) Importer(815301076,1909f56bfc062723c751e8b465ee728b)  -> (artifact id: 'dc06eda201666f97057cb5a72df50a1f') in 0.240335 seconds 
  Import took 0.255122 seconds .

========================================================================
Received Prepare
Registering precompiled user dll's ...
Registered in 0.009645 seconds.
Begin MonoManager ReloadAssembly
Native extension for WindowsStandalone target not found
Refreshing native plugins compatible for Editor in 0.67 ms, found 2 plugins.
Preloading 0 native plugins for Editor in 0.00 ms.
Mono: successfully reloaded assembly
- Completed reload, in  1.307 seconds
Domain Reload Profiling:
	ReloadAssembly (1308ms)
		BeginReloadAssembly (169ms)
			ExecutionOrderSort (0ms)
			DisableScriptedObjects (5ms)
			BackupInstance (0ms)
			ReleaseScriptingObjects (0ms)
			CreateAndSetChildDomain (49ms)
		EndReloadAssembly (1056ms)
			LoadAssemblies (141ms)
			RebuildTransferFunctionScriptingTraits (0ms)
			SetupTypeCache (366ms)
			ReleaseScriptCaches (1ms)
			RebuildScriptCaches (59ms)
			SetupLoadedEditorAssemblies (409ms)
				LogAssemblyErrors (0ms)
				InitializePlatformSupportModulesInManaged (7ms)
				SetLoadedEditorAssemblies (1ms)
				RefreshPlugins (1ms)
				BeforeProcessingInitializeOnLoad (122ms)
				ProcessInitializeOnLoadAttributes (258ms)
				ProcessInitializeOnLoadMethodAttributes (10ms)
				AfterProcessingInitializeOnLoad (9ms)
				EditorAssembliesLoaded (0ms)
			ExecutionOrderSort2 (0ms)
			AwakeInstancesAfterBackupRestoration (7ms)
Platform modules already initialized, skipping
Refreshing native plugins compatible for Editor in 0.74 ms, found 2 plugins.
Preloading 0 native plugins for Editor in 0.00 ms.
Unloading 1760 Unused Serialized files (Serialized files now loaded: 0)
System memory in use before: 126.1 MB.
System memory in use after: 126.2 MB.

Unloading 12 unused Assets to reduce memory usage. Loaded Objects now: 2269.
Total: 3.803900 ms (FindLiveObjects: 0.245500 ms CreateObjectMapping: 0.072500 ms MarkObjects: 3.461400 ms  DeleteObjects: 0.023100 ms)

AssetImportParameters requested are different than current active one (requested -> active):
  custom:framework-win-MediaFoundation: 216162199b28c13a410421893ffa2e32 -> 
  custom:video-decoder-ogg-theora: a1e56fd34408186e4bbccfd4996cb3dc -> 
  custom:container-muxer-webm: aa71ff27fc2769a1b78a27578f13a17b -> 
  custom:container-demuxer-webm: 4f35f7cbe854078d1ac9338744f61a02 -> 
  custom:container-demuxer-ogg: 62fdf1f143b41e24485cea50d1cbac27 -> 
  custom:video-encoder-webm-vp8: eb34c28f22e8b96e1ab97ce403110664 -> 
  custom:video-codec-MediaFoundation-h265: 746d11721c4dcdbdad8f713fa42b33f4 -> 
  custom:video-decoder-webm-vp8: 9c59270c3fd7afecdb556c50c9e8de78 -> 
  custom:audio-decoder-ogg-vorbis: bf7c407c2cedff20999df2af8eb42d56 -> 
  custom:audio-encoder-webm-vorbis: bf7c407c2cedff20999df2af8eb42d56 -> 
========================================================================
Received Import Request.
  Time since last request: 383.082359 seconds.
  path: Assets/RpgAdv/Prefabs/Enemies/EnemyLeader.prefab
  artifactKey: Guid(6b4115cf81fb38842a9f3524aa1736b8) Importer(815301076,1909f56bfc062723c751e8b465ee728b)
Start importing Assets/RpgAdv/Prefabs/Enemies/EnemyLeader.prefab using Guid(6b4115cf81fb38842a9f3524aa1736b8) Importer(815301076,1909f56bfc062723c751e8b465ee728b)  -> (artifact id: '094566f5af9b56a647e133d2e7c2acfc') in 0.348949 seconds 
  Import took 0.377943 seconds .

========================================================================
Received Import Request.
  Time since last request: 209.991420 seconds.
  path: Assets/RpgAdv/Prefabs/Enemies/Variants/NormalBandit.prefab
  artifactKey: Guid(3efb649dadbc3c949af9f5e78ac639ee) Importer(815301076,1909f56bfc062723c751e8b465ee728b)
Start importing Assets/RpgAdv/Prefabs/Enemies/Variants/NormalBandit.prefab using Guid(3efb649dadbc3c949af9f5e78ac639ee) Importer(815301076,1909f56bfc062723c751e8b465ee728b)  -> (artifact id: '3b3be5dba845bcf33eae4ab43cccdde2') in 0.244183 seconds 
  Import took 0.267153 seconds .

========================================================================
Received Import Request.
  Time since last request: 7.218838 seconds.
  path: Assets/RpgAdv/Prefabs/Enemies/Variants/EnemyLeader.prefab
  artifactKey: Guid(6b4115cf81fb38842a9f3524aa1736b8) Importer(815301076,1909f56bfc062723c751e8b465ee728b)
Start importing Assets/RpgAdv/Prefabs/Enemies/Variants/EnemyLeader.prefab using Guid(6b4115cf81fb38842a9f3524aa1736b8) Importer(815301076,1909f56bfc062723c751e8b465ee728b)  -> (artifact id: 'd11fd1523288a6b110cd411e9cab7dc2') in 0.214890 seconds 
  Import took 0.234578 seconds .

========================================================================
Received Import Request.
  Time since last request: 383.795427 seconds.
  path: Assets/RpgAdv/DB/QuestDB.json
  artifactKey: Guid(1ba66163ea654500aaad2c42cb651107) Importer(815301076,1909f56bfc062723c751e8b465ee728b)
Start importing Assets/RpgAdv/DB/QuestDB.json using Guid(1ba66163ea654500aaad2c42cb651107) Importer(815301076,1909f56bfc062723c751e8b465ee728b)  -> (artifact id: '3190c5ad51d64032dd00d91fbc95c5c7') in 0.009246 seconds 
  Import took 0.014320 seconds .

========================================================================
Received Import Request.
  Time since last request: 310.231720 seconds.
  path: Assets/RpgAdv/DB/QuestDB.json
  artifactKey: Guid(1ba66163ea654500aaad2c42cb651107) Importer(815301076,1909f56bfc062723c751e8b465ee728b)
Start importing Assets/RpgAdv/DB/QuestDB.json using Guid(1ba66163ea654500aaad2c42cb651107) Importer(815301076,1909f56bfc062723c751e8b465ee728b)  -> (artifact id: 'e66844bd526d199762f229d6d90db632') in 0.006056 seconds 
  Import took 0.012786 seconds .

========================================================================
Received Prepare
Registering precompiled user dll's ...
Registered in 0.007890 seconds.
Begin MonoManager ReloadAssembly
Native extension for WindowsStandalone target not found
Refreshing native plugins compatible for Editor in 0.54 ms, found 2 plugins.
Preloading 0 native plugins for Editor in 0.00 ms.
Mono: successfully reloaded assembly
- Completed reload, in  1.160 seconds
Domain Reload Profiling:
	ReloadAssembly (1162ms)
		BeginReloadAssembly (193ms)
			ExecutionOrderSort (0ms)
			DisableScriptedObjects (7ms)
			BackupInstance (0ms)
			ReleaseScriptingObjects (0ms)
			CreateAndSetChildDomain (83ms)
		EndReloadAssembly (889ms)
			LoadAssemblies (119ms)
			RebuildTransferFunctionScriptingTraits (0ms)
			SetupTypeCache (295ms)
			ReleaseScriptCaches (1ms)
			RebuildScriptCaches (44ms)
			SetupLoadedEditorAssemblies (352ms)
				LogAssemblyErrors (0ms)
				InitializePlatformSupportModulesInManaged (5ms)
				SetLoadedEditorAssemblies (1ms)
				RefreshPlugins (1ms)
				BeforeProcessingInitializeOnLoad (97ms)
				ProcessInitializeOnLoadAttributes (228ms)
				ProcessInitializeOnLoadMethodAttributes (11ms)
				AfterProcessingInitializeOnLoad (9ms)
				EditorAssembliesLoaded (0ms)
			ExecutionOrderSort2 (0ms)
			AwakeInstancesAfterBackupRestoration (7ms)
Platform modules already initialized, skipping
Refreshing native plugins compatible for Editor in 0.62 ms, found 2 plugins.
Preloading 0 native plugins for Editor in 0.00 ms.
Unloading 1760 Unused Serialized files (Serialized files now loaded: 0)
System memory in use before: 126.2 MB.
System memory in use after: 126.3 MB.

Unloading 12 unused Assets to reduce memory usage. Loaded Objects now: 2272.
Total: 3.309200 ms (FindLiveObjects: 0.171300 ms CreateObjectMapping: 0.066700 ms MarkObjects: 3.048100 ms  DeleteObjects: 0.022400 ms)

AssetImportParameters requested are different than current active one (requested -> active):
  custom:framework-win-MediaFoundation: 216162199b28c13a410421893ffa2e32 -> 
  custom:video-decoder-ogg-theora: a1e56fd34408186e4bbccfd4996cb3dc -> 
  custom:container-muxer-webm: aa71ff27fc2769a1b78a27578f13a17b -> 
  custom:container-demuxer-webm: 4f35f7cbe854078d1ac9338744f61a02 -> 
  custom:container-demuxer-ogg: 62fdf1f143b41e24485cea50d1cbac27 -> 
  custom:video-encoder-webm-vp8: eb34c28f22e8b96e1ab97ce403110664 -> 
  custom:video-codec-MediaFoundation-h265: 746d11721c4dcdbdad8f713fa42b33f4 -> 
  custom:video-decoder-webm-vp8: 9c59270c3fd7afecdb556c50c9e8de78 -> 
  custom:audio-decoder-ogg-vorbis: bf7c407c2cedff20999df2af8eb42d56 -> 
  custom:audio-encoder-webm-vorbis: bf7c407c2cedff20999df2af8eb42d56 -> 
========================================================================
Received Import Request.
  Time since last request: 1708.022201 seconds.
  path: Assets/RpgAdv/Prefabs/NPC/Male Quest NPC.prefab
  artifactKey: Guid(c917e5b2862805143b1039f67c62f748) Importer(815301076,1909f56bfc062723c751e8b465ee728b)
Start importing Assets/RpgAdv/Prefabs/NPC/Male Quest NPC.prefab using Guid(c917e5b2862805143b1039f67c62f748) Importer(815301076,1909f56bfc062723c751e8b465ee728b)  -> (artifact id: '311422df3a33efa024cc785ec15c82c7') in 0.185544 seconds 
  Import took 0.195139 seconds .

========================================================================
Received Import Request.
  Time since last request: 0.000274 seconds.
  path: Assets/RpgAdv/Prefabs/NPC/Micheal.prefab
  artifactKey: Guid(c60f666be110b17428fabf381b6dc706) Importer(815301076,1909f56bfc062723c751e8b465ee728b)
Start importing Assets/RpgAdv/Prefabs/NPC/Micheal.prefab using Guid(c60f666be110b17428fabf381b6dc706) Importer(815301076,1909f56bfc062723c751e8b465ee728b)  -> (artifact id: '831d3c0ace91d88dcd147b80d5e99b28') in 0.105341 seconds 
  Import took 0.114477 seconds .

========================================================================
Received Import Request.
  Time since last request: 0.000305 seconds.
  path: Assets/RpgAdv/Prefabs/NPC/MaleNPC.prefab
  artifactKey: Guid(36bb58ceb7ee069419d3b18635345546) Importer(815301076,1909f56bfc062723c751e8b465ee728b)
Start importing Assets/RpgAdv/Prefabs/NPC/MaleNPC.prefab using Guid(36bb58ceb7ee069419d3b18635345546) Importer(815301076,1909f56bfc062723c751e8b465ee728b)  -> (artifact id: '272b204a602f6a07e66485d8468418a3') in 0.090334 seconds 
  Import took 0.097298 seconds .

========================================================================
Received Import Request.
  Time since last request: 0.560093 seconds.
  path: Assets/RpgAdv/Prefabs/NPC
  artifactKey: Guid(c4a0dc3bb485b8c4b8094887e860f106) Importer(815301076,1909f56bfc062723c751e8b465ee728b)
Start importing Assets/RpgAdv/Prefabs/NPC using Guid(c4a0dc3bb485b8c4b8094887e860f106) Importer(815301076,1909f56bfc062723c751e8b465ee728b)  -> (artifact id: '135f96fdf67d74f1871a274d0445b741') in 0.003841 seconds 
  Import took 0.008721 seconds .

========================================================================
Received Import Request.
  Time since last request: 4.320832 seconds.
  path: Assets/RpgAdv/Prefabs/NPC/Variants
  artifactKey: Guid(0d07e2b2d3a09dc49b32738bcbe76345) Importer(815301076,1909f56bfc062723c751e8b465ee728b)
Start importing Assets/RpgAdv/Prefabs/NPC/Variants using Guid(0d07e2b2d3a09dc49b32738bcbe76345) Importer(815301076,1909f56bfc062723c751e8b465ee728b)  -> (artifact id: 'ebeddbda06e8dfc0c26a4b0e5d629c0e') in 0.005921 seconds 
  Import took 0.009559 seconds .

========================================================================
Received Import Request.
  Time since last request: 286.635914 seconds.
  path: Assets/RpgAdv/Prefabs/NPC/Variants/Aarish.prefab
  artifactKey: Guid(c3f84b8a774366a488acd7832ec48faf) Importer(815301076,1909f56bfc062723c751e8b465ee728b)
Start importing Assets/RpgAdv/Prefabs/NPC/Variants/Aarish.prefab using Guid(c3f84b8a774366a488acd7832ec48faf) Importer(815301076,1909f56bfc062723c751e8b465ee728b)  -> (artifact id: '535ac26a483528085998c97549932fcf') in 0.133583 seconds 
  Import took 0.146531 seconds .

========================================================================
Received Import Request.
  Time since last request: 13.879953 seconds.
  path: Assets/RpgAdv/Prefabs/NPC/Variants/Tlak.prefab
  artifactKey: Guid(c60f666be110b17428fabf381b6dc706) Importer(815301076,1909f56bfc062723c751e8b465ee728b)
Start importing Assets/RpgAdv/Prefabs/NPC/Variants/Tlak.prefab using Guid(c60f666be110b17428fabf381b6dc706) Importer(815301076,1909f56bfc062723c751e8b465ee728b)  -> (artifact id: 'ad8c6474768ac7aa980d19efda7a32c4') in 0.125039 seconds 
  Import took 0.139731 seconds .

========================================================================
Received Prepare
Registering precompiled user dll's ...
Registered in 0.004793 seconds.
Begin MonoManager ReloadAssembly
Native extension for WindowsStandalone target not found
Refreshing native plugins compatible for Editor in 0.56 ms, found 2 plugins.
Preloading 0 native plugins for Editor in 0.00 ms.
Mono: successfully reloaded assembly
- Completed reload, in  1.199 seconds
Domain Reload Profiling:
	ReloadAssembly (1199ms)
		BeginReloadAssembly (143ms)
			ExecutionOrderSort (0ms)
			DisableScriptedObjects (5ms)
			BackupInstance (0ms)
			ReleaseScriptingObjects (0ms)
			CreateAndSetChildDomain (35ms)
		EndReloadAssembly (986ms)
			LoadAssemblies (119ms)
			RebuildTransferFunctionScriptingTraits (0ms)
			SetupTypeCache (289ms)
			ReleaseScriptCaches (1ms)
			RebuildScriptCaches (55ms)
			SetupLoadedEditorAssemblies (420ms)
				LogAssemblyErrors (0ms)
				InitializePlatformSupportModulesInManaged (5ms)
				SetLoadedEditorAssemblies (1ms)
				RefreshPlugins (1ms)
				BeforeProcessingInitializeOnLoad (138ms)
				ProcessInitializeOnLoadAttributes (252ms)
				ProcessInitializeOnLoadMethodAttributes (12ms)
				AfterProcessingInitializeOnLoad (10ms)
				EditorAssembliesLoaded (0ms)
			ExecutionOrderSort2 (0ms)
			AwakeInstancesAfterBackupRestoration (9ms)
Platform modules already initialized, skipping
Refreshing native plugins compatible for Editor in 0.58 ms, found 2 plugins.
Preloading 0 native plugins for Editor in 0.00 ms.
Unloading 1760 Unused Serialized files (Serialized files now loaded: 0)
System memory in use before: 126.4 MB.
System memory in use after: 126.5 MB.

Unloading 12 unused Assets to reduce memory usage. Loaded Objects now: 2275.
Total: 3.354800 ms (FindLiveObjects: 0.153900 ms CreateObjectMapping: 0.059400 ms MarkObjects: 3.117800 ms  DeleteObjects: 0.022700 ms)

AssetImportParameters requested are different than current active one (requested -> active):
  custom:framework-win-MediaFoundation: 216162199b28c13a410421893ffa2e32 -> 
  custom:video-decoder-ogg-theora: a1e56fd34408186e4bbccfd4996cb3dc -> 
  custom:container-muxer-webm: aa71ff27fc2769a1b78a27578f13a17b -> 
  custom:container-demuxer-webm: 4f35f7cbe854078d1ac9338744f61a02 -> 
  custom:container-demuxer-ogg: 62fdf1f143b41e24485cea50d1cbac27 -> 
  custom:video-encoder-webm-vp8: eb34c28f22e8b96e1ab97ce403110664 -> 
  custom:video-codec-MediaFoundation-h265: 746d11721c4dcdbdad8f713fa42b33f4 -> 
  custom:video-decoder-webm-vp8: 9c59270c3fd7afecdb556c50c9e8de78 -> 
  custom:audio-decoder-ogg-vorbis: bf7c407c2cedff20999df2af8eb42d56 -> 
  custom:audio-encoder-webm-vorbis: bf7c407c2cedff20999df2af8eb42d56 -> 
AssetImportWorkerClient::OnTransportError - code=2 error=End of file
