Using pre-set license
Built from '2020.3/staging' branch; Version is '2020.3.28f1 (f5400f52e03f) revision 16072719'; Using compiler version '192528614'; Build Type 'Release'
OS: 'Windows 11  (10.0.22000) 64bit Core' Language: 'en' Physical Memory: 32160 MB
BatchMode: 1, IsHumanControllingUs: 0, StartBugReporterOnCrash: 0, Is64bit: 1, IsPro: 0

COMMAND LINE ARGUMENTS:
C:\Program Files\Unity\Hub\Editor\2020.3.28f1\Editor\Unity.exe
-adb2
-batchMode
-noUpm
-name
AssetImportWorker0
-projectPath
C:/Users/memon/Documents/GitHub/UnityGame/Phase2_Hi
-logFile
Logs/AssetImportWorker0.log
-srvPort
61001
Successfully changed project path to: C:/Users/memon/Documents/GitHub/UnityGame/Phase2_Hi
C:/Users/memon/Documents/GitHub/UnityGame/Phase2_Hi
Using Asset Import Pipeline V2.
Refreshing native plugins compatible for Editor in 37.44 ms, found 2 plugins.
Preloading 0 native plugins for Editor in 0.00 ms.
Initialize engine version: 2020.3.28f1 (f5400f52e03f)
[Subsystems] Discovering subsystems at path C:/Program Files/Unity/Hub/Editor/2020.3.28f1/Editor/Data/Resources/UnitySubsystems
[Subsystems] Discovering subsystems at path C:/Users/memon/Documents/GitHub/UnityGame/Phase2_Hi/Assets
GfxDevice: creating device client; threaded=0
Direct3D:
    Version:  Direct3D 11.0 [level 11.1]
    Renderer: AMD Radeon(TM) Graphics (ID=0x1638)
    Vendor:   
    VRAM:     16080 MB
    Driver:   27.20.14044.2001
Initialize mono
Mono path[0] = 'C:/Program Files/Unity/Hub/Editor/2020.3.28f1/Editor/Data/Managed'
Mono path[1] = 'C:/Program Files/Unity/Hub/Editor/2020.3.28f1/Editor/Data/MonoBleedingEdge/lib/mono/unityjit'
Mono config path = 'C:/Program Files/Unity/Hub/Editor/2020.3.28f1/Editor/Data/MonoBleedingEdge/etc'
Using monoOptions --debugger-agent=transport=dt_socket,embedding=1,server=y,suspend=n,address=127.0.0.1:56688
Begin MonoManager ReloadAssembly
Registering precompiled unity dll's ...
Register platform support module: C:/Program Files/Unity/Hub/Editor/2020.3.28f1/Editor/Data/PlaybackEngines/WindowsStandaloneSupport/UnityEditor.WindowsStandalone.Extensions.dll
Registered in 0.001869 seconds.
Native extension for WindowsStandalone target not found
Refreshing native plugins compatible for Editor in 36.59 ms, found 2 plugins.
Preloading 0 native plugins for Editor in 0.00 ms.
Mono: successfully reloaded assembly
- Completed reload, in  0.485 seconds
Domain Reload Profiling:
	ReloadAssembly (485ms)
		BeginReloadAssembly (59ms)
			ExecutionOrderSort (0ms)
			DisableScriptedObjects (0ms)
			BackupInstance (0ms)
			ReleaseScriptingObjects (0ms)
			CreateAndSetChildDomain (1ms)
		EndReloadAssembly (367ms)
			LoadAssemblies (57ms)
			RebuildTransferFunctionScriptingTraits (0ms)
			SetupTypeCache (113ms)
			ReleaseScriptCaches (0ms)
			RebuildScriptCaches (20ms)
			SetupLoadedEditorAssemblies (150ms)
				LogAssemblyErrors (0ms)
				InitializePlatformSupportModulesInManaged (4ms)
				SetLoadedEditorAssemblies (0ms)
				RefreshPlugins (37ms)
				BeforeProcessingInitializeOnLoad (11ms)
				ProcessInitializeOnLoadAttributes (73ms)
				ProcessInitializeOnLoadMethodAttributes (26ms)
				AfterProcessingInitializeOnLoad (0ms)
				EditorAssembliesLoaded (0ms)
			ExecutionOrderSort2 (0ms)
			AwakeInstancesAfterBackupRestoration (0ms)
Platform modules already initialized, skipping
Registering precompiled user dll's ...
Registered in 0.005677 seconds.
Begin MonoManager ReloadAssembly
Native extension for WindowsStandalone target not found
Refreshing native plugins compatible for Editor in 0.49 ms, found 2 plugins.
Preloading 0 native plugins for Editor in 0.00 ms.
Mono: successfully reloaded assembly
- Completed reload, in  0.828 seconds
Domain Reload Profiling:
	ReloadAssembly (829ms)
		BeginReloadAssembly (124ms)
			ExecutionOrderSort (0ms)
			DisableScriptedObjects (4ms)
			BackupInstance (0ms)
			ReleaseScriptingObjects (0ms)
			CreateAndSetChildDomain (18ms)
		EndReloadAssembly (656ms)
			LoadAssemblies (85ms)
			RebuildTransferFunctionScriptingTraits (0ms)
			SetupTypeCache (216ms)
			ReleaseScriptCaches (0ms)
			RebuildScriptCaches (34ms)
			SetupLoadedEditorAssemblies (266ms)
				LogAssemblyErrors (0ms)
				InitializePlatformSupportModulesInManaged (4ms)
				SetLoadedEditorAssemblies (0ms)
				RefreshPlugins (1ms)
				BeforeProcessingInitializeOnLoad (77ms)
				ProcessInitializeOnLoadAttributes (170ms)
				ProcessInitializeOnLoadMethodAttributes (8ms)
				AfterProcessingInitializeOnLoad (6ms)
				EditorAssembliesLoaded (0ms)
			ExecutionOrderSort2 (0ms)
			AwakeInstancesAfterBackupRestoration (5ms)
Platform modules already initialized, skipping
========================================================================
Worker process is ready to serve import requests
Launched and connected shader compiler UnityShaderCompiler.exe after 0.05 seconds
Refreshing native plugins compatible for Editor in 0.50 ms, found 2 plugins.
Preloading 0 native plugins for Editor in 0.00 ms.
Unloading 1787 Unused Serialized files (Serialized files now loaded: 0)
System memory in use before: 108.4 MB.
System memory in use after: 108.5 MB.

Unloading 20 unused Assets to reduce memory usage. Loaded Objects now: 2244.
Total: 2.979300 ms (FindLiveObjects: 0.153300 ms CreateObjectMapping: 0.045200 ms MarkObjects: 2.636500 ms  DeleteObjects: 0.142900 ms)

AssetImportParameters requested are different than current active one (requested -> active):
  custom:framework-win-MediaFoundation: 216162199b28c13a410421893ffa2e32 -> 
  custom:video-decoder-ogg-theora: a1e56fd34408186e4bbccfd4996cb3dc -> 
  custom:container-muxer-webm: aa71ff27fc2769a1b78a27578f13a17b -> 
  custom:container-demuxer-webm: 4f35f7cbe854078d1ac9338744f61a02 -> 
  custom:container-demuxer-ogg: 62fdf1f143b41e24485cea50d1cbac27 -> 
  custom:video-encoder-webm-vp8: eb34c28f22e8b96e1ab97ce403110664 -> 
  custom:video-codec-MediaFoundation-h265: 746d11721c4dcdbdad8f713fa42b33f4 -> 
  custom:video-decoder-webm-vp8: 9c59270c3fd7afecdb556c50c9e8de78 -> 
  custom:audio-decoder-ogg-vorbis: bf7c407c2cedff20999df2af8eb42d56 -> 
  custom:audio-encoder-webm-vorbis: bf7c407c2cedff20999df2af8eb42d56 -> 
========================================================================
Received Import Request.
  path: Assets/RpgAdv/Scripts/Events/ReplaceWithRagdollSMB.cs
  artifactKey: Guid(3bcc8e029bc32e147b472e53b6190214) Importer(815301076,1909f56bfc062723c751e8b465ee728b)
Start importing Assets/RpgAdv/Scripts/Events/ReplaceWithRagdollSMB.cs using Guid(3bcc8e029bc32e147b472e53b6190214) Importer(815301076,1909f56bfc062723c751e8b465ee728b)  -> (artifact id: '1a74c956bfa48b6ac0d0ffcf41781501') in 0.022472 seconds 
  Import took 0.025116 seconds .

========================================================================
Received Prepare
Registering precompiled user dll's ...
Registered in 0.005309 seconds.
Begin MonoManager ReloadAssembly
Native extension for WindowsStandalone target not found
Refreshing native plugins compatible for Editor in 0.49 ms, found 2 plugins.
Preloading 0 native plugins for Editor in 0.00 ms.
Mono: successfully reloaded assembly
- Completed reload, in  0.774 seconds
Domain Reload Profiling:
	ReloadAssembly (774ms)
		BeginReloadAssembly (102ms)
			ExecutionOrderSort (0ms)
			DisableScriptedObjects (3ms)
			BackupInstance (0ms)
			ReleaseScriptingObjects (0ms)
			CreateAndSetChildDomain (29ms)
		EndReloadAssembly (624ms)
			LoadAssemblies (85ms)
			RebuildTransferFunctionScriptingTraits (0ms)
			SetupTypeCache (217ms)
			ReleaseScriptCaches (1ms)
			RebuildScriptCaches (28ms)
			SetupLoadedEditorAssemblies (241ms)
				LogAssemblyErrors (0ms)
				InitializePlatformSupportModulesInManaged (4ms)
				SetLoadedEditorAssemblies (0ms)
				RefreshPlugins (1ms)
				BeforeProcessingInitializeOnLoad (70ms)
				ProcessInitializeOnLoadAttributes (152ms)
				ProcessInitializeOnLoadMethodAttributes (8ms)
				AfterProcessingInitializeOnLoad (6ms)
				EditorAssembliesLoaded (0ms)
			ExecutionOrderSort2 (0ms)
			AwakeInstancesAfterBackupRestoration (5ms)
Platform modules already initialized, skipping
Refreshing native plugins compatible for Editor in 0.48 ms, found 2 plugins.
Preloading 0 native plugins for Editor in 0.00 ms.
Unloading 1751 Unused Serialized files (Serialized files now loaded: 0)
System memory in use before: 105.3 MB.
System memory in use after: 105.4 MB.

Unloading 15 unused Assets to reduce memory usage. Loaded Objects now: 2246.
Total: 2.381100 ms (FindLiveObjects: 0.146000 ms CreateObjectMapping: 0.036600 ms MarkObjects: 2.180700 ms  DeleteObjects: 0.017000 ms)

AssetImportParameters requested are different than current active one (requested -> active):
  custom:framework-win-MediaFoundation: 216162199b28c13a410421893ffa2e32 -> 
  custom:video-decoder-ogg-theora: a1e56fd34408186e4bbccfd4996cb3dc -> 
  custom:container-muxer-webm: aa71ff27fc2769a1b78a27578f13a17b -> 
  custom:container-demuxer-webm: 4f35f7cbe854078d1ac9338744f61a02 -> 
  custom:container-demuxer-ogg: 62fdf1f143b41e24485cea50d1cbac27 -> 
  custom:video-encoder-webm-vp8: eb34c28f22e8b96e1ab97ce403110664 -> 
  custom:video-codec-MediaFoundation-h265: 746d11721c4dcdbdad8f713fa42b33f4 -> 
  custom:video-decoder-webm-vp8: 9c59270c3fd7afecdb556c50c9e8de78 -> 
  custom:audio-decoder-ogg-vorbis: bf7c407c2cedff20999df2af8eb42d56 -> 
  custom:audio-encoder-webm-vorbis: bf7c407c2cedff20999df2af8eb42d56 -> 
========================================================================
Received Prepare
Registering precompiled user dll's ...
Registered in 0.005548 seconds.
Begin MonoManager ReloadAssembly
Native extension for WindowsStandalone target not found
Refreshing native plugins compatible for Editor in 0.85 ms, found 2 plugins.
Preloading 0 native plugins for Editor in 0.00 ms.
Mono: successfully reloaded assembly
- Completed reload, in  0.916 seconds
Domain Reload Profiling:
	ReloadAssembly (916ms)
		BeginReloadAssembly (124ms)
			ExecutionOrderSort (0ms)
			DisableScriptedObjects (3ms)
			BackupInstance (0ms)
			ReleaseScriptingObjects (0ms)
			CreateAndSetChildDomain (35ms)
		EndReloadAssembly (733ms)
			LoadAssemblies (105ms)
			RebuildTransferFunctionScriptingTraits (0ms)
			SetupTypeCache (271ms)
			ReleaseScriptCaches (1ms)
			RebuildScriptCaches (42ms)
			SetupLoadedEditorAssemblies (246ms)
				LogAssemblyErrors (0ms)
				InitializePlatformSupportModulesInManaged (5ms)
				SetLoadedEditorAssemblies (1ms)
				RefreshPlugins (1ms)
				BeforeProcessingInitializeOnLoad (74ms)
				ProcessInitializeOnLoadAttributes (151ms)
				ProcessInitializeOnLoadMethodAttributes (8ms)
				AfterProcessingInitializeOnLoad (6ms)
				EditorAssembliesLoaded (0ms)
			ExecutionOrderSort2 (0ms)
			AwakeInstancesAfterBackupRestoration (6ms)
Platform modules already initialized, skipping
Refreshing native plugins compatible for Editor in 1.04 ms, found 2 plugins.
Preloading 0 native plugins for Editor in 0.00 ms.
Unloading 1751 Unused Serialized files (Serialized files now loaded: 0)
System memory in use before: 105.3 MB.
System memory in use after: 105.4 MB.

Unloading 15 unused Assets to reduce memory usage. Loaded Objects now: 2248.
Total: 2.503800 ms (FindLiveObjects: 0.162600 ms CreateObjectMapping: 0.043100 ms MarkObjects: 2.276900 ms  DeleteObjects: 0.020600 ms)

AssetImportParameters requested are different than current active one (requested -> active):
  custom:framework-win-MediaFoundation: 216162199b28c13a410421893ffa2e32 -> 
  custom:video-decoder-ogg-theora: a1e56fd34408186e4bbccfd4996cb3dc -> 
  custom:container-muxer-webm: aa71ff27fc2769a1b78a27578f13a17b -> 
  custom:container-demuxer-webm: 4f35f7cbe854078d1ac9338744f61a02 -> 
  custom:container-demuxer-ogg: 62fdf1f143b41e24485cea50d1cbac27 -> 
  custom:video-encoder-webm-vp8: eb34c28f22e8b96e1ab97ce403110664 -> 
  custom:video-codec-MediaFoundation-h265: 746d11721c4dcdbdad8f713fa42b33f4 -> 
  custom:video-decoder-webm-vp8: 9c59270c3fd7afecdb556c50c9e8de78 -> 
  custom:audio-decoder-ogg-vorbis: bf7c407c2cedff20999df2af8eb42d56 -> 
  custom:audio-encoder-webm-vorbis: bf7c407c2cedff20999df2af8eb42d56 -> 
========================================================================
Received Import Request.
  Time since last request: 103.871195 seconds.
  path: Assets/RpgAdv/Scripts/Enemies/Enemy/ReplaceWithRagdollSMB.cs
  artifactKey: Guid(3bcc8e029bc32e147b472e53b6190214) Importer(815301076,1909f56bfc062723c751e8b465ee728b)
Start importing Assets/RpgAdv/Scripts/Enemies/Enemy/ReplaceWithRagdollSMB.cs using Guid(3bcc8e029bc32e147b472e53b6190214) Importer(815301076,1909f56bfc062723c751e8b465ee728b)  -> (artifact id: 'a72e82011e9f899dfb9fc18d67a10e6e') in 0.007659 seconds 
  Import took 0.011123 seconds .

========================================================================
Received Prepare
Registering precompiled user dll's ...
Registered in 0.005531 seconds.
Begin MonoManager ReloadAssembly
Native extension for WindowsStandalone target not found
Refreshing native plugins compatible for Editor in 0.63 ms, found 2 plugins.
Preloading 0 native plugins for Editor in 0.00 ms.
Mono: successfully reloaded assembly
- Completed reload, in  0.781 seconds
Domain Reload Profiling:
	ReloadAssembly (781ms)
		BeginReloadAssembly (103ms)
			ExecutionOrderSort (0ms)
			DisableScriptedObjects (4ms)
			BackupInstance (0ms)
			ReleaseScriptingObjects (0ms)
			CreateAndSetChildDomain (29ms)
		EndReloadAssembly (627ms)
			LoadAssemblies (84ms)
			RebuildTransferFunctionScriptingTraits (0ms)
			SetupTypeCache (214ms)
			ReleaseScriptCaches (1ms)
			RebuildScriptCaches (29ms)
			SetupLoadedEditorAssemblies (244ms)
				LogAssemblyErrors (0ms)
				InitializePlatformSupportModulesInManaged (4ms)
				SetLoadedEditorAssemblies (0ms)
				RefreshPlugins (1ms)
				BeforeProcessingInitializeOnLoad (74ms)
				ProcessInitializeOnLoadAttributes (151ms)
				ProcessInitializeOnLoadMethodAttributes (7ms)
				AfterProcessingInitializeOnLoad (6ms)
				EditorAssembliesLoaded (0ms)
			ExecutionOrderSort2 (0ms)
			AwakeInstancesAfterBackupRestoration (5ms)
Platform modules already initialized, skipping
Refreshing native plugins compatible for Editor in 0.49 ms, found 2 plugins.
Preloading 0 native plugins for Editor in 0.00 ms.
Unloading 1751 Unused Serialized files (Serialized files now loaded: 0)
System memory in use before: 105.4 MB.
System memory in use after: 105.5 MB.

Unloading 15 unused Assets to reduce memory usage. Loaded Objects now: 2250.
Total: 3.634600 ms (FindLiveObjects: 0.196800 ms CreateObjectMapping: 0.039600 ms MarkObjects: 3.343500 ms  DeleteObjects: 0.053200 ms)

AssetImportParameters requested are different than current active one (requested -> active):
  custom:framework-win-MediaFoundation: 216162199b28c13a410421893ffa2e32 -> 
  custom:video-decoder-ogg-theora: a1e56fd34408186e4bbccfd4996cb3dc -> 
  custom:container-muxer-webm: aa71ff27fc2769a1b78a27578f13a17b -> 
  custom:container-demuxer-webm: 4f35f7cbe854078d1ac9338744f61a02 -> 
  custom:container-demuxer-ogg: 62fdf1f143b41e24485cea50d1cbac27 -> 
  custom:video-encoder-webm-vp8: eb34c28f22e8b96e1ab97ce403110664 -> 
  custom:video-codec-MediaFoundation-h265: 746d11721c4dcdbdad8f713fa42b33f4 -> 
  custom:video-decoder-webm-vp8: 9c59270c3fd7afecdb556c50c9e8de78 -> 
  custom:audio-decoder-ogg-vorbis: bf7c407c2cedff20999df2af8eb42d56 -> 
  custom:audio-encoder-webm-vorbis: bf7c407c2cedff20999df2af8eb42d56 -> 
========================================================================
Received Import Request.
  Time since last request: 203.873143 seconds.
  path: Assets/RpgAdv/Prefabs/Enemy_1Ragdoll.prefab
  artifactKey: Guid(4fde151939e27e5449023893b903cddf) Importer(815301076,1909f56bfc062723c751e8b465ee728b)
Start importing Assets/RpgAdv/Prefabs/Enemy_1Ragdoll.prefab using Guid(4fde151939e27e5449023893b903cddf) Importer(815301076,1909f56bfc062723c751e8b465ee728b)  -> (artifact id: '64eb066997114a73f2c4af57840db457') in 0.309604 seconds 
  Import took 0.317714 seconds .

========================================================================
Received Import Request.
  Time since last request: 19.238705 seconds.
  path: Assets/RpgAdv/Prefabs/MinionRagdoll.prefab
  artifactKey: Guid(a017581ac30997d4aaa7a0365bad9378) Importer(815301076,1909f56bfc062723c751e8b465ee728b)
Start importing Assets/RpgAdv/Prefabs/MinionRagdoll.prefab using Guid(a017581ac30997d4aaa7a0365bad9378) Importer(815301076,1909f56bfc062723c751e8b465ee728b)  -> (artifact id: '56015cc5fd5d3822c2c941a5e4fd259e') in 0.076208 seconds 
  Import took 0.082933 seconds .

========================================================================
Received Import Request.
  Time since last request: 19.680773 seconds.
  path: Assets/RpgAdv/Prefabs/Enemy_1Ragdoll.prefab
  artifactKey: Guid(4fde151939e27e5449023893b903cddf) Importer(815301076,1909f56bfc062723c751e8b465ee728b)
Start importing Assets/RpgAdv/Prefabs/Enemy_1Ragdoll.prefab using Guid(4fde151939e27e5449023893b903cddf) Importer(815301076,1909f56bfc062723c751e8b465ee728b)  -> (artifact id: '88dcfd733620a8a32fef61785b5fbb6d') in 0.133608 seconds 
  Import took 0.146438 seconds .

========================================================================
Received Import Request.
  Time since last request: 19.574538 seconds.
  path: Assets/RpgAdv/Prefabs/Enemy_1Ragdoll.prefab
  artifactKey: Guid(4fde151939e27e5449023893b903cddf) Importer(815301076,1909f56bfc062723c751e8b465ee728b)
Start importing Assets/RpgAdv/Prefabs/Enemy_1Ragdoll.prefab using Guid(4fde151939e27e5449023893b903cddf) Importer(815301076,1909f56bfc062723c751e8b465ee728b)  -> (artifact id: '48443fd2d6a942ee065c9a8d431f34fa') in 0.106739 seconds 
  Import took 0.115105 seconds .

========================================================================
Received Import Request.
  Time since last request: 3.213367 seconds.
  path: Assets/RpgAdv/Prefabs/Enemy_1Ragdoll.prefab
  artifactKey: Guid(4fde151939e27e5449023893b903cddf) Importer(815301076,1909f56bfc062723c751e8b465ee728b)
Start importing Assets/RpgAdv/Prefabs/Enemy_1Ragdoll.prefab using Guid(4fde151939e27e5449023893b903cddf) Importer(815301076,1909f56bfc062723c751e8b465ee728b)  -> (artifact id: 'd006056e04f8312e403726972d8f0e0e') in 0.109143 seconds 
  Import took 0.117425 seconds .

========================================================================
Received Import Request.
  Time since last request: 3.882578 seconds.
  path: Assets/RpgAdv/Prefabs/Enemy_1Ragdoll.prefab
  artifactKey: Guid(4fde151939e27e5449023893b903cddf) Importer(815301076,1909f56bfc062723c751e8b465ee728b)
Start importing Assets/RpgAdv/Prefabs/Enemy_1Ragdoll.prefab using Guid(4fde151939e27e5449023893b903cddf) Importer(815301076,1909f56bfc062723c751e8b465ee728b)  -> (artifact id: '411796fe9399e34683b41e395853c788') in 0.098161 seconds 
  Import took 0.106678 seconds .

========================================================================
Received Import Request.
  Time since last request: 2.830848 seconds.
  path: Assets/RpgAdv/Prefabs/Enemy_1Ragdoll.prefab
  artifactKey: Guid(4fde151939e27e5449023893b903cddf) Importer(815301076,1909f56bfc062723c751e8b465ee728b)
Start importing Assets/RpgAdv/Prefabs/Enemy_1Ragdoll.prefab using Guid(4fde151939e27e5449023893b903cddf) Importer(815301076,1909f56bfc062723c751e8b465ee728b)  -> (artifact id: '9129142996fc19d154601efcceb985d3') in 0.107409 seconds 
  Import took 0.116263 seconds .

========================================================================
Received Import Request.
  Time since last request: 3.560446 seconds.
  path: Assets/RpgAdv/Prefabs/Enemy_1Ragdoll.prefab
  artifactKey: Guid(4fde151939e27e5449023893b903cddf) Importer(815301076,1909f56bfc062723c751e8b465ee728b)
Start importing Assets/RpgAdv/Prefabs/Enemy_1Ragdoll.prefab using Guid(4fde151939e27e5449023893b903cddf) Importer(815301076,1909f56bfc062723c751e8b465ee728b)  -> (artifact id: 'd71e5fb49b7c3f3e1cc99dcc68cb0d53') in 0.106196 seconds 
  Import took 0.115303 seconds .

========================================================================
Received Prepare
Registering precompiled user dll's ...
Registered in 0.005756 seconds.
Begin MonoManager ReloadAssembly
Native extension for WindowsStandalone target not found
Refreshing native plugins compatible for Editor in 0.51 ms, found 2 plugins.
Preloading 0 native plugins for Editor in 0.00 ms.
Mono: successfully reloaded assembly
- Completed reload, in  0.809 seconds
Domain Reload Profiling:
	ReloadAssembly (810ms)
		BeginReloadAssembly (107ms)
			ExecutionOrderSort (0ms)
			DisableScriptedObjects (3ms)
			BackupInstance (0ms)
			ReleaseScriptingObjects (0ms)
			CreateAndSetChildDomain (33ms)
		EndReloadAssembly (653ms)
			LoadAssemblies (85ms)
			RebuildTransferFunctionScriptingTraits (0ms)
			SetupTypeCache (220ms)
			ReleaseScriptCaches (1ms)
			RebuildScriptCaches (36ms)
			SetupLoadedEditorAssemblies (253ms)
				LogAssemblyErrors (0ms)
				InitializePlatformSupportModulesInManaged (4ms)
				SetLoadedEditorAssemblies (1ms)
				RefreshPlugins (1ms)
				BeforeProcessingInitializeOnLoad (74ms)
				ProcessInitializeOnLoadAttributes (159ms)
				ProcessInitializeOnLoadMethodAttributes (9ms)
				AfterProcessingInitializeOnLoad (6ms)
				EditorAssembliesLoaded (0ms)
			ExecutionOrderSort2 (0ms)
			AwakeInstancesAfterBackupRestoration (5ms)
Platform modules already initialized, skipping
Refreshing native plugins compatible for Editor in 0.56 ms, found 2 plugins.
Preloading 0 native plugins for Editor in 0.00 ms.
Unloading 1751 Unused Serialized files (Serialized files now loaded: 0)
System memory in use before: 124.9 MB.
System memory in use after: 125.0 MB.

Unloading 15 unused Assets to reduce memory usage. Loaded Objects now: 2261.
Total: 2.812600 ms (FindLiveObjects: 0.149200 ms CreateObjectMapping: 0.038500 ms MarkObjects: 2.602600 ms  DeleteObjects: 0.021200 ms)

AssetImportParameters requested are different than current active one (requested -> active):
  custom:framework-win-MediaFoundation: 216162199b28c13a410421893ffa2e32 -> 
  custom:video-decoder-ogg-theora: a1e56fd34408186e4bbccfd4996cb3dc -> 
  custom:container-muxer-webm: aa71ff27fc2769a1b78a27578f13a17b -> 
  custom:container-demuxer-webm: 4f35f7cbe854078d1ac9338744f61a02 -> 
  custom:container-demuxer-ogg: 62fdf1f143b41e24485cea50d1cbac27 -> 
  custom:video-encoder-webm-vp8: eb34c28f22e8b96e1ab97ce403110664 -> 
  custom:video-codec-MediaFoundation-h265: 746d11721c4dcdbdad8f713fa42b33f4 -> 
  custom:video-decoder-webm-vp8: 9c59270c3fd7afecdb556c50c9e8de78 -> 
  custom:audio-decoder-ogg-vorbis: bf7c407c2cedff20999df2af8eb42d56 -> 
  custom:audio-encoder-webm-vorbis: bf7c407c2cedff20999df2af8eb42d56 -> 
========================================================================
Received Prepare
Registering precompiled user dll's ...
Registered in 0.005068 seconds.
Begin MonoManager ReloadAssembly
Native extension for WindowsStandalone target not found
Refreshing native plugins compatible for Editor in 1.04 ms, found 2 plugins.
Preloading 0 native plugins for Editor in 0.00 ms.
Mono: successfully reloaded assembly
- Completed reload, in  0.820 seconds
Domain Reload Profiling:
	ReloadAssembly (820ms)
		BeginReloadAssembly (103ms)
			ExecutionOrderSort (0ms)
			DisableScriptedObjects (3ms)
			BackupInstance (0ms)
			ReleaseScriptingObjects (0ms)
			CreateAndSetChildDomain (30ms)
		EndReloadAssembly (664ms)
			LoadAssemblies (84ms)
			RebuildTransferFunctionScriptingTraits (0ms)
			SetupTypeCache (226ms)
			ReleaseScriptCaches (1ms)
			RebuildScriptCaches (33ms)
			SetupLoadedEditorAssemblies (254ms)
				LogAssemblyErrors (0ms)
				InitializePlatformSupportModulesInManaged (4ms)
				SetLoadedEditorAssemblies (0ms)
				RefreshPlugins (1ms)
				BeforeProcessingInitializeOnLoad (75ms)
				ProcessInitializeOnLoadAttributes (157ms)
				ProcessInitializeOnLoadMethodAttributes (9ms)
				AfterProcessingInitializeOnLoad (6ms)
				EditorAssembliesLoaded (0ms)
			ExecutionOrderSort2 (0ms)
			AwakeInstancesAfterBackupRestoration (5ms)
Platform modules already initialized, skipping
Refreshing native plugins compatible for Editor in 0.48 ms, found 2 plugins.
Preloading 0 native plugins for Editor in 0.00 ms.
Unloading 1751 Unused Serialized files (Serialized files now loaded: 0)
System memory in use before: 124.9 MB.
System memory in use after: 125.0 MB.

Unloading 15 unused Assets to reduce memory usage. Loaded Objects now: 2263.
Total: 2.690500 ms (FindLiveObjects: 0.155700 ms CreateObjectMapping: 0.044000 ms MarkObjects: 2.463000 ms  DeleteObjects: 0.027100 ms)

AssetImportParameters requested are different than current active one (requested -> active):
  custom:framework-win-MediaFoundation: 216162199b28c13a410421893ffa2e32 -> 
  custom:video-decoder-ogg-theora: a1e56fd34408186e4bbccfd4996cb3dc -> 
  custom:container-muxer-webm: aa71ff27fc2769a1b78a27578f13a17b -> 
  custom:container-demuxer-webm: 4f35f7cbe854078d1ac9338744f61a02 -> 
  custom:container-demuxer-ogg: 62fdf1f143b41e24485cea50d1cbac27 -> 
  custom:video-encoder-webm-vp8: eb34c28f22e8b96e1ab97ce403110664 -> 
  custom:video-codec-MediaFoundation-h265: 746d11721c4dcdbdad8f713fa42b33f4 -> 
  custom:video-decoder-webm-vp8: 9c59270c3fd7afecdb556c50c9e8de78 -> 
  custom:audio-decoder-ogg-vorbis: bf7c407c2cedff20999df2af8eb42d56 -> 
  custom:audio-encoder-webm-vorbis: bf7c407c2cedff20999df2af8eb42d56 -> 
========================================================================
Received Import Request.
  Time since last request: 120.517949 seconds.
  path: Assets/RpgAdv/Prefabs/MinionRagdoll.prefab
  artifactKey: Guid(a017581ac30997d4aaa7a0365bad9378) Importer(815301076,1909f56bfc062723c751e8b465ee728b)
Start importing Assets/RpgAdv/Prefabs/MinionRagdoll.prefab using Guid(a017581ac30997d4aaa7a0365bad9378) Importer(815301076,1909f56bfc062723c751e8b465ee728b)  -> (artifact id: '2f2292ec67b6cc40705a2676623e7d51') in 0.114206 seconds 
  Import took 0.120704 seconds .

========================================================================
Received Import Request.
  Time since last request: 2.090677 seconds.
  path: Assets/RpgAdv/Prefabs/MinionRagdoll.prefab
  artifactKey: Guid(a017581ac30997d4aaa7a0365bad9378) Importer(815301076,1909f56bfc062723c751e8b465ee728b)
Start importing Assets/RpgAdv/Prefabs/MinionRagdoll.prefab using Guid(a017581ac30997d4aaa7a0365bad9378) Importer(815301076,1909f56bfc062723c751e8b465ee728b)  -> (artifact id: 'b90437effa406242201b2f5ae0f98fef') in 0.071434 seconds 
  Import took 0.078126 seconds .

========================================================================
Received Import Request.
  Time since last request: 117.826978 seconds.
  path: Assets/RpgAdv/Prefabs/MinionRagdoll.prefab
  artifactKey: Guid(a017581ac30997d4aaa7a0365bad9378) Importer(815301076,1909f56bfc062723c751e8b465ee728b)
Start importing Assets/RpgAdv/Prefabs/MinionRagdoll.prefab using Guid(a017581ac30997d4aaa7a0365bad9378) Importer(815301076,1909f56bfc062723c751e8b465ee728b)  -> (artifact id: '6ef9096f9a2b4254c0721eacca6ed73c') in 0.067169 seconds 
  Import took 0.073452 seconds .

========================================================================
Received Import Request.
  Time since last request: 1.437583 seconds.
  path: Assets/RpgAdv/Prefabs/MinionRagdoll.prefab
  artifactKey: Guid(a017581ac30997d4aaa7a0365bad9378) Importer(815301076,1909f56bfc062723c751e8b465ee728b)
Start importing Assets/RpgAdv/Prefabs/MinionRagdoll.prefab using Guid(a017581ac30997d4aaa7a0365bad9378) Importer(815301076,1909f56bfc062723c751e8b465ee728b)  -> (artifact id: '767cf14545abf0ee51617934d3790c50') in 0.063333 seconds 
  Import took 0.069242 seconds .

========================================================================
Received Import Request.
  Time since last request: 2.870958 seconds.
  path: Assets/RpgAdv/Prefabs/MinionRagdoll.prefab
  artifactKey: Guid(a017581ac30997d4aaa7a0365bad9378) Importer(815301076,1909f56bfc062723c751e8b465ee728b)
Start importing Assets/RpgAdv/Prefabs/MinionRagdoll.prefab using Guid(a017581ac30997d4aaa7a0365bad9378) Importer(815301076,1909f56bfc062723c751e8b465ee728b)  -> (artifact id: '22e5146e59f15974e783d454ca80fe51') in 0.063978 seconds 
  Import took 0.069814 seconds .

========================================================================
Received Import Request.
  Time since last request: 2.288424 seconds.
  path: Assets/RpgAdv/Prefabs/MinionRagdoll.prefab
  artifactKey: Guid(a017581ac30997d4aaa7a0365bad9378) Importer(815301076,1909f56bfc062723c751e8b465ee728b)
Start importing Assets/RpgAdv/Prefabs/MinionRagdoll.prefab using Guid(a017581ac30997d4aaa7a0365bad9378) Importer(815301076,1909f56bfc062723c751e8b465ee728b)  -> (artifact id: '5845c6fc1812fb670b133f6c583c1e61') in 0.064109 seconds 
  Import took 0.069938 seconds .

========================================================================
Received Import Request.
  Time since last request: 29.121153 seconds.
  path: Assets/RpgAdv/Prefabs/Male A.prefab
  artifactKey: Guid(34f3909c0222bfb4b85e8637036595e1) Importer(815301076,1909f56bfc062723c751e8b465ee728b)
Start importing Assets/RpgAdv/Prefabs/Male A.prefab using Guid(34f3909c0222bfb4b85e8637036595e1) Importer(815301076,1909f56bfc062723c751e8b465ee728b)  -> (artifact id: '83eda4634aaa6db35259fdb81c83a5f2') in 0.077248 seconds 
  Import took 0.083376 seconds .

========================================================================
Received Import Request.
  Time since last request: 4.348946 seconds.
  path: Assets/RpgAdv/Prefabs/Enemy_1.prefab
  artifactKey: Guid(d009a4ec9eec8ff4a840f5ebca4a877a) Importer(815301076,1909f56bfc062723c751e8b465ee728b)
Start importing Assets/RpgAdv/Prefabs/Enemy_1.prefab using Guid(d009a4ec9eec8ff4a840f5ebca4a877a) Importer(815301076,1909f56bfc062723c751e8b465ee728b)  -> (artifact id: 'ff13db450f35e96b8f319c9a3430fdf1') in 0.106187 seconds 
  Import took 0.114241 seconds .

========================================================================
Received Prepare
Registering precompiled user dll's ...
Registered in 0.004907 seconds.
Begin MonoManager ReloadAssembly
Native extension for WindowsStandalone target not found
Refreshing native plugins compatible for Editor in 0.71 ms, found 2 plugins.
Preloading 0 native plugins for Editor in 0.00 ms.
Mono: successfully reloaded assembly
- Completed reload, in  0.770 seconds
Domain Reload Profiling:
	ReloadAssembly (771ms)
		BeginReloadAssembly (97ms)
			ExecutionOrderSort (0ms)
			DisableScriptedObjects (3ms)
			BackupInstance (0ms)
			ReleaseScriptingObjects (0ms)
			CreateAndSetChildDomain (27ms)
		EndReloadAssembly (622ms)
			LoadAssemblies (81ms)
			RebuildTransferFunctionScriptingTraits (0ms)
			SetupTypeCache (204ms)
			ReleaseScriptCaches (1ms)
			RebuildScriptCaches (28ms)
			SetupLoadedEditorAssemblies (251ms)
				LogAssemblyErrors (0ms)
				InitializePlatformSupportModulesInManaged (4ms)
				SetLoadedEditorAssemblies (0ms)
				RefreshPlugins (1ms)
				BeforeProcessingInitializeOnLoad (78ms)
				ProcessInitializeOnLoadAttributes (153ms)
				ProcessInitializeOnLoadMethodAttributes (8ms)
				AfterProcessingInitializeOnLoad (6ms)
				EditorAssembliesLoaded (0ms)
			ExecutionOrderSort2 (0ms)
			AwakeInstancesAfterBackupRestoration (5ms)
Platform modules already initialized, skipping
Refreshing native plugins compatible for Editor in 0.48 ms, found 2 plugins.
Preloading 0 native plugins for Editor in 0.00 ms.
Unloading 1751 Unused Serialized files (Serialized files now loaded: 0)
System memory in use before: 125.5 MB.
System memory in use after: 125.6 MB.

Unloading 15 unused Assets to reduce memory usage. Loaded Objects now: 2266.
Total: 2.472600 ms (FindLiveObjects: 0.154600 ms CreateObjectMapping: 0.037800 ms MarkObjects: 2.260500 ms  DeleteObjects: 0.019000 ms)

AssetImportParameters requested are different than current active one (requested -> active):
  custom:framework-win-MediaFoundation: 216162199b28c13a410421893ffa2e32 -> 
  custom:video-decoder-ogg-theora: a1e56fd34408186e4bbccfd4996cb3dc -> 
  custom:container-muxer-webm: aa71ff27fc2769a1b78a27578f13a17b -> 
  custom:container-demuxer-webm: 4f35f7cbe854078d1ac9338744f61a02 -> 
  custom:container-demuxer-ogg: 62fdf1f143b41e24485cea50d1cbac27 -> 
  custom:video-encoder-webm-vp8: eb34c28f22e8b96e1ab97ce403110664 -> 
  custom:video-codec-MediaFoundation-h265: 746d11721c4dcdbdad8f713fa42b33f4 -> 
  custom:video-decoder-webm-vp8: 9c59270c3fd7afecdb556c50c9e8de78 -> 
  custom:audio-decoder-ogg-vorbis: bf7c407c2cedff20999df2af8eb42d56 -> 
  custom:audio-encoder-webm-vorbis: bf7c407c2cedff20999df2af8eb42d56 -> 
========================================================================
Received Prepare
Registering precompiled user dll's ...
Registered in 0.005951 seconds.
Begin MonoManager ReloadAssembly
Native extension for WindowsStandalone target not found
Refreshing native plugins compatible for Editor in 0.49 ms, found 2 plugins.
Preloading 0 native plugins for Editor in 0.00 ms.
Mono: successfully reloaded assembly
- Completed reload, in  0.768 seconds
Domain Reload Profiling:
	ReloadAssembly (769ms)
		BeginReloadAssembly (96ms)
			ExecutionOrderSort (0ms)
			DisableScriptedObjects (4ms)
			BackupInstance (0ms)
			ReleaseScriptingObjects (0ms)
			CreateAndSetChildDomain (26ms)
		EndReloadAssembly (615ms)
			LoadAssemblies (80ms)
			RebuildTransferFunctionScriptingTraits (0ms)
			SetupTypeCache (203ms)
			ReleaseScriptCaches (1ms)
			RebuildScriptCaches (28ms)
			SetupLoadedEditorAssemblies (245ms)
				LogAssemblyErrors (0ms)
				InitializePlatformSupportModulesInManaged (4ms)
				SetLoadedEditorAssemblies (0ms)
				RefreshPlugins (1ms)
				BeforeProcessingInitializeOnLoad (73ms)
				ProcessInitializeOnLoadAttributes (154ms)
				ProcessInitializeOnLoadMethodAttributes (8ms)
				AfterProcessingInitializeOnLoad (6ms)
				EditorAssembliesLoaded (0ms)
			ExecutionOrderSort2 (0ms)
			AwakeInstancesAfterBackupRestoration (5ms)
Platform modules already initialized, skipping
Refreshing native plugins compatible for Editor in 0.48 ms, found 2 plugins.
Preloading 0 native plugins for Editor in 0.00 ms.
Unloading 1751 Unused Serialized files (Serialized files now loaded: 0)
System memory in use before: 125.5 MB.
System memory in use after: 125.6 MB.

Unloading 15 unused Assets to reduce memory usage. Loaded Objects now: 2268.
Total: 2.414900 ms (FindLiveObjects: 0.151000 ms CreateObjectMapping: 0.037500 ms MarkObjects: 2.206300 ms  DeleteObjects: 0.019300 ms)

AssetImportParameters requested are different than current active one (requested -> active):
  custom:framework-win-MediaFoundation: 216162199b28c13a410421893ffa2e32 -> 
  custom:video-decoder-ogg-theora: a1e56fd34408186e4bbccfd4996cb3dc -> 
  custom:container-muxer-webm: aa71ff27fc2769a1b78a27578f13a17b -> 
  custom:container-demuxer-webm: 4f35f7cbe854078d1ac9338744f61a02 -> 
  custom:container-demuxer-ogg: 62fdf1f143b41e24485cea50d1cbac27 -> 
  custom:video-encoder-webm-vp8: eb34c28f22e8b96e1ab97ce403110664 -> 
  custom:video-codec-MediaFoundation-h265: 746d11721c4dcdbdad8f713fa42b33f4 -> 
  custom:video-decoder-webm-vp8: 9c59270c3fd7afecdb556c50c9e8de78 -> 
  custom:audio-decoder-ogg-vorbis: bf7c407c2cedff20999df2af8eb42d56 -> 
  custom:audio-encoder-webm-vorbis: bf7c407c2cedff20999df2af8eb42d56 -> 
========================================================================
Received Prepare
Registering precompiled user dll's ...
Registered in 0.005033 seconds.
Begin MonoManager ReloadAssembly
Native extension for WindowsStandalone target not found
Refreshing native plugins compatible for Editor in 0.48 ms, found 2 plugins.
Preloading 0 native plugins for Editor in 0.00 ms.
Mono: successfully reloaded assembly
- Completed reload, in  0.787 seconds
Domain Reload Profiling:
	ReloadAssembly (788ms)
		BeginReloadAssembly (95ms)
			ExecutionOrderSort (0ms)
			DisableScriptedObjects (4ms)
			BackupInstance (0ms)
			ReleaseScriptingObjects (0ms)
			CreateAndSetChildDomain (26ms)
		EndReloadAssembly (645ms)
			LoadAssemblies (81ms)
			RebuildTransferFunctionScriptingTraits (0ms)
			SetupTypeCache (220ms)
			ReleaseScriptCaches (1ms)
			RebuildScriptCaches (29ms)
			SetupLoadedEditorAssemblies (249ms)
				LogAssemblyErrors (0ms)
				InitializePlatformSupportModulesInManaged (4ms)
				SetLoadedEditorAssemblies (0ms)
				RefreshPlugins (1ms)
				BeforeProcessingInitializeOnLoad (73ms)
				ProcessInitializeOnLoadAttributes (158ms)
				ProcessInitializeOnLoadMethodAttributes (7ms)
				AfterProcessingInitializeOnLoad (6ms)
				EditorAssembliesLoaded (0ms)
			ExecutionOrderSort2 (0ms)
			AwakeInstancesAfterBackupRestoration (5ms)
Platform modules already initialized, skipping
Refreshing native plugins compatible for Editor in 0.50 ms, found 2 plugins.
Preloading 0 native plugins for Editor in 0.00 ms.
Unloading 1751 Unused Serialized files (Serialized files now loaded: 0)
System memory in use before: 125.5 MB.
System memory in use after: 125.6 MB.

Unloading 15 unused Assets to reduce memory usage. Loaded Objects now: 2270.
Total: 2.393600 ms (FindLiveObjects: 0.139300 ms CreateObjectMapping: 0.047500 ms MarkObjects: 2.187600 ms  DeleteObjects: 0.018300 ms)

AssetImportParameters requested are different than current active one (requested -> active):
  custom:framework-win-MediaFoundation: 216162199b28c13a410421893ffa2e32 -> 
  custom:video-decoder-ogg-theora: a1e56fd34408186e4bbccfd4996cb3dc -> 
  custom:container-muxer-webm: aa71ff27fc2769a1b78a27578f13a17b -> 
  custom:container-demuxer-webm: 4f35f7cbe854078d1ac9338744f61a02 -> 
  custom:container-demuxer-ogg: 62fdf1f143b41e24485cea50d1cbac27 -> 
  custom:video-encoder-webm-vp8: eb34c28f22e8b96e1ab97ce403110664 -> 
  custom:video-codec-MediaFoundation-h265: 746d11721c4dcdbdad8f713fa42b33f4 -> 
  custom:video-decoder-webm-vp8: 9c59270c3fd7afecdb556c50c9e8de78 -> 
  custom:audio-decoder-ogg-vorbis: bf7c407c2cedff20999df2af8eb42d56 -> 
  custom:audio-encoder-webm-vorbis: bf7c407c2cedff20999df2af8eb42d56 -> 
========================================================================
Received Prepare
Registering precompiled user dll's ...
Registered in 0.004913 seconds.
Begin MonoManager ReloadAssembly
Native extension for WindowsStandalone target not found
Refreshing native plugins compatible for Editor in 0.63 ms, found 2 plugins.
Preloading 0 native plugins for Editor in 0.00 ms.
Mono: successfully reloaded assembly
- Completed reload, in  0.768 seconds
Domain Reload Profiling:
	ReloadAssembly (768ms)
		BeginReloadAssembly (102ms)
			ExecutionOrderSort (0ms)
			DisableScriptedObjects (3ms)
			BackupInstance (0ms)
			ReleaseScriptingObjects (0ms)
			CreateAndSetChildDomain (27ms)
		EndReloadAssembly (614ms)
			LoadAssemblies (84ms)
			RebuildTransferFunctionScriptingTraits (0ms)
			SetupTypeCache (209ms)
			ReleaseScriptCaches (1ms)
			RebuildScriptCaches (29ms)
			SetupLoadedEditorAssemblies (236ms)
				LogAssemblyErrors (0ms)
				InitializePlatformSupportModulesInManaged (4ms)
				SetLoadedEditorAssemblies (0ms)
				RefreshPlugins (1ms)
				BeforeProcessingInitializeOnLoad (70ms)
				ProcessInitializeOnLoadAttributes (146ms)
				ProcessInitializeOnLoadMethodAttributes (7ms)
				AfterProcessingInitializeOnLoad (6ms)
				EditorAssembliesLoaded (0ms)
			ExecutionOrderSort2 (0ms)
			AwakeInstancesAfterBackupRestoration (5ms)
Platform modules already initialized, skipping
Refreshing native plugins compatible for Editor in 0.50 ms, found 2 plugins.
Preloading 0 native plugins for Editor in 0.00 ms.
Unloading 1751 Unused Serialized files (Serialized files now loaded: 0)
System memory in use before: 125.5 MB.
System memory in use after: 125.6 MB.

Unloading 15 unused Assets to reduce memory usage. Loaded Objects now: 2272.
Total: 2.478000 ms (FindLiveObjects: 0.133300 ms CreateObjectMapping: 0.043200 ms MarkObjects: 2.281700 ms  DeleteObjects: 0.019000 ms)

AssetImportParameters requested are different than current active one (requested -> active):
  custom:framework-win-MediaFoundation: 216162199b28c13a410421893ffa2e32 -> 
  custom:video-decoder-ogg-theora: a1e56fd34408186e4bbccfd4996cb3dc -> 
  custom:container-muxer-webm: aa71ff27fc2769a1b78a27578f13a17b -> 
  custom:container-demuxer-webm: 4f35f7cbe854078d1ac9338744f61a02 -> 
  custom:container-demuxer-ogg: 62fdf1f143b41e24485cea50d1cbac27 -> 
  custom:video-encoder-webm-vp8: eb34c28f22e8b96e1ab97ce403110664 -> 
  custom:video-codec-MediaFoundation-h265: 746d11721c4dcdbdad8f713fa42b33f4 -> 
  custom:video-decoder-webm-vp8: 9c59270c3fd7afecdb556c50c9e8de78 -> 
  custom:audio-decoder-ogg-vorbis: bf7c407c2cedff20999df2af8eb42d56 -> 
  custom:audio-encoder-webm-vorbis: bf7c407c2cedff20999df2af8eb42d56 -> 
========================================================================
Received Prepare
Registering precompiled user dll's ...
Registered in 0.005111 seconds.
Begin MonoManager ReloadAssembly
Native extension for WindowsStandalone target not found
Refreshing native plugins compatible for Editor in 0.48 ms, found 2 plugins.
Preloading 0 native plugins for Editor in 0.00 ms.
Mono: successfully reloaded assembly
- Completed reload, in  0.773 seconds
Domain Reload Profiling:
	ReloadAssembly (773ms)
		BeginReloadAssembly (99ms)
			ExecutionOrderSort (0ms)
			DisableScriptedObjects (3ms)
			BackupInstance (0ms)
			ReleaseScriptingObjects (0ms)
			CreateAndSetChildDomain (27ms)
		EndReloadAssembly (623ms)
			LoadAssemblies (86ms)
			RebuildTransferFunctionScriptingTraits (0ms)
			SetupTypeCache (205ms)
			ReleaseScriptCaches (1ms)
			RebuildScriptCaches (29ms)
			SetupLoadedEditorAssemblies (244ms)
				LogAssemblyErrors (0ms)
				InitializePlatformSupportModulesInManaged (4ms)
				SetLoadedEditorAssemblies (0ms)
				RefreshPlugins (1ms)
				BeforeProcessingInitializeOnLoad (70ms)
				ProcessInitializeOnLoadAttributes (155ms)
				ProcessInitializeOnLoadMethodAttributes (8ms)
				AfterProcessingInitializeOnLoad (6ms)
				EditorAssembliesLoaded (0ms)
			ExecutionOrderSort2 (0ms)
			AwakeInstancesAfterBackupRestoration (5ms)
Platform modules already initialized, skipping
Refreshing native plugins compatible for Editor in 0.48 ms, found 2 plugins.
Preloading 0 native plugins for Editor in 0.00 ms.
Unloading 1751 Unused Serialized files (Serialized files now loaded: 0)
System memory in use before: 125.5 MB.
System memory in use after: 125.6 MB.

Unloading 15 unused Assets to reduce memory usage. Loaded Objects now: 2274.
Total: 3.537200 ms (FindLiveObjects: 0.217300 ms CreateObjectMapping: 0.042700 ms MarkObjects: 3.249000 ms  DeleteObjects: 0.027100 ms)

AssetImportParameters requested are different than current active one (requested -> active):
  custom:framework-win-MediaFoundation: 216162199b28c13a410421893ffa2e32 -> 
  custom:video-decoder-ogg-theora: a1e56fd34408186e4bbccfd4996cb3dc -> 
  custom:container-muxer-webm: aa71ff27fc2769a1b78a27578f13a17b -> 
  custom:container-demuxer-webm: 4f35f7cbe854078d1ac9338744f61a02 -> 
  custom:container-demuxer-ogg: 62fdf1f143b41e24485cea50d1cbac27 -> 
  custom:video-encoder-webm-vp8: eb34c28f22e8b96e1ab97ce403110664 -> 
  custom:video-codec-MediaFoundation-h265: 746d11721c4dcdbdad8f713fa42b33f4 -> 
  custom:video-decoder-webm-vp8: 9c59270c3fd7afecdb556c50c9e8de78 -> 
  custom:audio-decoder-ogg-vorbis: bf7c407c2cedff20999df2af8eb42d56 -> 
  custom:audio-encoder-webm-vorbis: bf7c407c2cedff20999df2af8eb42d56 -> 
========================================================================
Received Import Request.
  Time since last request: 1036.334292 seconds.
  path: Assets/RpgAdv/Prefabs/Enemy_1Ragdoll.prefab
  artifactKey: Guid(4fde151939e27e5449023893b903cddf) Importer(815301076,1909f56bfc062723c751e8b465ee728b)
Start importing Assets/RpgAdv/Prefabs/Enemy_1Ragdoll.prefab using Guid(4fde151939e27e5449023893b903cddf) Importer(815301076,1909f56bfc062723c751e8b465ee728b)  -> (artifact id: 'd3cfd4a055505213393f2d6a5f523026') in 0.169512 seconds 
  Import took 0.177705 seconds .

========================================================================
Received Import Request.
  Time since last request: 22.622898 seconds.
  path: Assets/RpgAdv/Prefabs/Enemy_1Ragdoll.prefab
  artifactKey: Guid(4fde151939e27e5449023893b903cddf) Importer(815301076,1909f56bfc062723c751e8b465ee728b)
Start importing Assets/RpgAdv/Prefabs/Enemy_1Ragdoll.prefab using Guid(4fde151939e27e5449023893b903cddf) Importer(815301076,1909f56bfc062723c751e8b465ee728b)  -> (artifact id: '004c26114cfd23446dd8f6bcc226c8a8') in 0.112336 seconds 
  Import took 0.121096 seconds .

========================================================================
Received Import Request.
  Time since last request: 49.589473 seconds.
  path: Assets/RpgAdv/Prefabs/Enemy_1Ragdoll.prefab
  artifactKey: Guid(4fde151939e27e5449023893b903cddf) Importer(815301076,1909f56bfc062723c751e8b465ee728b)
Start importing Assets/RpgAdv/Prefabs/Enemy_1Ragdoll.prefab using Guid(4fde151939e27e5449023893b903cddf) Importer(815301076,1909f56bfc062723c751e8b465ee728b)  -> (artifact id: '520a7af584de7cc57c4b484115a4fd7d') in 0.112810 seconds 
  Import took 0.121979 seconds .

========================================================================
Received Import Request.
  Time since last request: 8.221666 seconds.
  path: Assets/RpgAdv/Prefabs/Enemy_1Ragdoll.prefab
  artifactKey: Guid(4fde151939e27e5449023893b903cddf) Importer(815301076,1909f56bfc062723c751e8b465ee728b)
Start importing Assets/RpgAdv/Prefabs/Enemy_1Ragdoll.prefab using Guid(4fde151939e27e5449023893b903cddf) Importer(815301076,1909f56bfc062723c751e8b465ee728b)  -> (artifact id: '455004dd8efd94f0deb3c40ab81d766b') in 0.110949 seconds 
  Import took 0.119513 seconds .

========================================================================
Received Import Request.
  Time since last request: 23.252606 seconds.
  path: Assets/RpgAdv/Prefabs/Enemy_1Ragdoll.prefab
  artifactKey: Guid(4fde151939e27e5449023893b903cddf) Importer(815301076,1909f56bfc062723c751e8b465ee728b)
Start importing Assets/RpgAdv/Prefabs/Enemy_1Ragdoll.prefab using Guid(4fde151939e27e5449023893b903cddf) Importer(815301076,1909f56bfc062723c751e8b465ee728b)  -> (artifact id: 'bef0d5feb9dc392593e0c151124cac71') in 0.132093 seconds 
  Import took 0.140505 seconds .

========================================================================
Received Import Request.
  Time since last request: 3.296389 seconds.
  path: Assets/RpgAdv/Prefabs/Enemy_1Ragdoll.prefab
  artifactKey: Guid(4fde151939e27e5449023893b903cddf) Importer(815301076,1909f56bfc062723c751e8b465ee728b)
Start importing Assets/RpgAdv/Prefabs/Enemy_1Ragdoll.prefab using Guid(4fde151939e27e5449023893b903cddf) Importer(815301076,1909f56bfc062723c751e8b465ee728b)  -> (artifact id: 'fcf02ed2b61e5612b7ec90259fb8274c') in 0.118775 seconds 
  Import took 0.127302 seconds .

========================================================================
Received Import Request.
  Time since last request: 0.481839 seconds.
  path: Assets/RpgAdv/Prefabs/Enemy_1Ragdoll.prefab
  artifactKey: Guid(4fde151939e27e5449023893b903cddf) Importer(815301076,1909f56bfc062723c751e8b465ee728b)
Start importing Assets/RpgAdv/Prefabs/Enemy_1Ragdoll.prefab using Guid(4fde151939e27e5449023893b903cddf) Importer(815301076,1909f56bfc062723c751e8b465ee728b)  -> (artifact id: 'e150a2486ca1af7750e2897288db1e44') in 0.106810 seconds 
  Import took 0.115477 seconds .

========================================================================
Received Import Request.
  Time since last request: 0.694160 seconds.
  path: Assets/RpgAdv/Prefabs/Enemy_1Ragdoll.prefab
  artifactKey: Guid(4fde151939e27e5449023893b903cddf) Importer(815301076,1909f56bfc062723c751e8b465ee728b)
Start importing Assets/RpgAdv/Prefabs/Enemy_1Ragdoll.prefab using Guid(4fde151939e27e5449023893b903cddf) Importer(815301076,1909f56bfc062723c751e8b465ee728b)  -> (artifact id: 'ff7c16aa30fd697113370ee6836c4b6a') in 0.138504 seconds 
  Import took 0.148076 seconds .

========================================================================
Received Import Request.
  Time since last request: 5.280518 seconds.
  path: Assets/RpgAdv/Prefabs/Enemy_1Ragdoll.prefab
  artifactKey: Guid(4fde151939e27e5449023893b903cddf) Importer(815301076,1909f56bfc062723c751e8b465ee728b)
Start importing Assets/RpgAdv/Prefabs/Enemy_1Ragdoll.prefab using Guid(4fde151939e27e5449023893b903cddf) Importer(815301076,1909f56bfc062723c751e8b465ee728b)  -> (artifact id: 'ca89d6a52dbdf3da7ad9a6b9fd67df3f') in 0.109617 seconds 
  Import took 0.117480 seconds .

========================================================================
Received Import Request.
  Time since last request: 37.204909 seconds.
  path: Assets/RpgAdv/Prefabs/Enemy_1Ragdoll.prefab
  artifactKey: Guid(4fde151939e27e5449023893b903cddf) Importer(815301076,1909f56bfc062723c751e8b465ee728b)
Start importing Assets/RpgAdv/Prefabs/Enemy_1Ragdoll.prefab using Guid(4fde151939e27e5449023893b903cddf) Importer(815301076,1909f56bfc062723c751e8b465ee728b)  -> (artifact id: 'c541f8ed2a2515d7658deecf3e5b247b') in 0.197066 seconds 
  Import took 0.206146 seconds .

========================================================================
Received Import Request.
  Time since last request: 60.544084 seconds.
  path: Assets/RpgAdv/Prefabs/Enemy_1Ragdoll.prefab
  artifactKey: Guid(4fde151939e27e5449023893b903cddf) Importer(815301076,1909f56bfc062723c751e8b465ee728b)
Start importing Assets/RpgAdv/Prefabs/Enemy_1Ragdoll.prefab using Guid(4fde151939e27e5449023893b903cddf) Importer(815301076,1909f56bfc062723c751e8b465ee728b)  -> (artifact id: '4d397f45e405aca3cdb3d594032d6d98') in 0.135809 seconds 
  Import took 0.145556 seconds .

========================================================================
Received Prepare
Registering precompiled user dll's ...
Registered in 0.007412 seconds.
Begin MonoManager ReloadAssembly
Native extension for WindowsStandalone target not found
Refreshing native plugins compatible for Editor in 0.64 ms, found 2 plugins.
Preloading 0 native plugins for Editor in 0.00 ms.
Mono: successfully reloaded assembly
- Completed reload, in  0.795 seconds
Domain Reload Profiling:
	ReloadAssembly (796ms)
		BeginReloadAssembly (104ms)
			ExecutionOrderSort (0ms)
			DisableScriptedObjects (4ms)
			BackupInstance (0ms)
			ReleaseScriptingObjects (0ms)
			CreateAndSetChildDomain (29ms)
		EndReloadAssembly (629ms)
			LoadAssemblies (85ms)
			RebuildTransferFunctionScriptingTraits (0ms)
			SetupTypeCache (203ms)
			ReleaseScriptCaches (1ms)
			RebuildScriptCaches (30ms)
			SetupLoadedEditorAssemblies (257ms)
				LogAssemblyErrors (0ms)
				InitializePlatformSupportModulesInManaged (4ms)
				SetLoadedEditorAssemblies (0ms)
				RefreshPlugins (1ms)
				BeforeProcessingInitializeOnLoad (74ms)
				ProcessInitializeOnLoadAttributes (163ms)
				ProcessInitializeOnLoadMethodAttributes (8ms)
				AfterProcessingInitializeOnLoad (6ms)
				EditorAssembliesLoaded (0ms)
			ExecutionOrderSort2 (0ms)
			AwakeInstancesAfterBackupRestoration (5ms)
Platform modules already initialized, skipping
Refreshing native plugins compatible for Editor in 0.56 ms, found 2 plugins.
Preloading 0 native plugins for Editor in 0.00 ms.
Unloading 1751 Unused Serialized files (Serialized files now loaded: 0)
System memory in use before: 126.0 MB.
System memory in use after: 126.1 MB.

Unloading 17 unused Assets to reduce memory usage. Loaded Objects now: 2278.
Total: 2.566700 ms (FindLiveObjects: 0.129500 ms CreateObjectMapping: 0.038500 ms MarkObjects: 2.350100 ms  DeleteObjects: 0.047800 ms)

AssetImportParameters requested are different than current active one (requested -> active):
  custom:framework-win-MediaFoundation: 216162199b28c13a410421893ffa2e32 -> 
  custom:video-decoder-ogg-theora: a1e56fd34408186e4bbccfd4996cb3dc -> 
  custom:container-muxer-webm: aa71ff27fc2769a1b78a27578f13a17b -> 
  custom:container-demuxer-webm: 4f35f7cbe854078d1ac9338744f61a02 -> 
  custom:container-demuxer-ogg: 62fdf1f143b41e24485cea50d1cbac27 -> 
  custom:video-encoder-webm-vp8: eb34c28f22e8b96e1ab97ce403110664 -> 
  custom:video-codec-MediaFoundation-h265: 746d11721c4dcdbdad8f713fa42b33f4 -> 
  custom:video-decoder-webm-vp8: 9c59270c3fd7afecdb556c50c9e8de78 -> 
  custom:audio-decoder-ogg-vorbis: bf7c407c2cedff20999df2af8eb42d56 -> 
  custom:audio-encoder-webm-vorbis: bf7c407c2cedff20999df2af8eb42d56 -> 
========================================================================
Received Import Request.
  Time since last request: 122.532800 seconds.
  path: Assets/RpgAdv/Scripts/Graphics
  artifactKey: Guid(3dcdb8eb0ea798442adf1e6db2e3f763) Importer(815301076,1909f56bfc062723c751e8b465ee728b)
Start importing Assets/RpgAdv/Scripts/Graphics using Guid(3dcdb8eb0ea798442adf1e6db2e3f763) Importer(815301076,1909f56bfc062723c751e8b465ee728b)  -> (artifact id: '788901b6af3c4ba1881164a501133062') in 0.006034 seconds 
  Import took 0.009076 seconds .

========================================================================
Received Import Request.
  Time since last request: 7.246122 seconds.
  path: Assets/RpgAdv/Scripts/Graphics/Dissolve.cs
  artifactKey: Guid(0efad62567d71f546a7518ba63291448) Importer(815301076,1909f56bfc062723c751e8b465ee728b)
Start importing Assets/RpgAdv/Scripts/Graphics/Dissolve.cs using Guid(0efad62567d71f546a7518ba63291448) Importer(815301076,1909f56bfc062723c751e8b465ee728b)  -> (artifact id: 'e086efee8ca3dc8e6c36cdc806b0dcbd') in 0.002631 seconds 
  Import took 0.005784 seconds .

========================================================================
Received Prepare
Registering precompiled user dll's ...
Registered in 0.004894 seconds.
Begin MonoManager ReloadAssembly
Native extension for WindowsStandalone target not found
Refreshing native plugins compatible for Editor in 0.49 ms, found 2 plugins.
Preloading 0 native plugins for Editor in 0.00 ms.
Mono: successfully reloaded assembly
- Completed reload, in  0.743 seconds
Domain Reload Profiling:
	ReloadAssembly (743ms)
		BeginReloadAssembly (97ms)
			ExecutionOrderSort (0ms)
			DisableScriptedObjects (3ms)
			BackupInstance (0ms)
			ReleaseScriptingObjects (0ms)
			CreateAndSetChildDomain (26ms)
		EndReloadAssembly (597ms)
			LoadAssemblies (82ms)
			RebuildTransferFunctionScriptingTraits (0ms)
			SetupTypeCache (197ms)
			ReleaseScriptCaches (1ms)
			RebuildScriptCaches (27ms)
			SetupLoadedEditorAssemblies (238ms)
				LogAssemblyErrors (0ms)
				InitializePlatformSupportModulesInManaged (4ms)
				SetLoadedEditorAssemblies (0ms)
				RefreshPlugins (1ms)
				BeforeProcessingInitializeOnLoad (68ms)
				ProcessInitializeOnLoadAttributes (150ms)
				ProcessInitializeOnLoadMethodAttributes (8ms)
				AfterProcessingInitializeOnLoad (7ms)
				EditorAssembliesLoaded (0ms)
			ExecutionOrderSort2 (0ms)
			AwakeInstancesAfterBackupRestoration (6ms)
Platform modules already initialized, skipping
Refreshing native plugins compatible for Editor in 0.50 ms, found 2 plugins.
Preloading 0 native plugins for Editor in 0.00 ms.
Unloading 1752 Unused Serialized files (Serialized files now loaded: 0)
System memory in use before: 126.0 MB.
System memory in use after: 126.1 MB.

Unloading 15 unused Assets to reduce memory usage. Loaded Objects now: 2281.
Total: 2.770000 ms (FindLiveObjects: 0.153600 ms CreateObjectMapping: 0.037400 ms MarkObjects: 2.557200 ms  DeleteObjects: 0.020800 ms)

AssetImportParameters requested are different than current active one (requested -> active):
  custom:framework-win-MediaFoundation: 216162199b28c13a410421893ffa2e32 -> 
  custom:video-decoder-ogg-theora: a1e56fd34408186e4bbccfd4996cb3dc -> 
  custom:container-muxer-webm: aa71ff27fc2769a1b78a27578f13a17b -> 
  custom:container-demuxer-webm: 4f35f7cbe854078d1ac9338744f61a02 -> 
  custom:container-demuxer-ogg: 62fdf1f143b41e24485cea50d1cbac27 -> 
  custom:video-encoder-webm-vp8: eb34c28f22e8b96e1ab97ce403110664 -> 
  custom:video-codec-MediaFoundation-h265: 746d11721c4dcdbdad8f713fa42b33f4 -> 
  custom:video-decoder-webm-vp8: 9c59270c3fd7afecdb556c50c9e8de78 -> 
  custom:audio-decoder-ogg-vorbis: bf7c407c2cedff20999df2af8eb42d56 -> 
  custom:audio-encoder-webm-vorbis: bf7c407c2cedff20999df2af8eb42d56 -> 
========================================================================
Received Import Request.
  Time since last request: 44.447781 seconds.
  path: Assets/RpgAdv/Scripts/Graphics/Dissolve.cs
  artifactKey: Guid(0efad62567d71f546a7518ba63291448) Importer(815301076,1909f56bfc062723c751e8b465ee728b)
Start importing Assets/RpgAdv/Scripts/Graphics/Dissolve.cs using Guid(0efad62567d71f546a7518ba63291448) Importer(815301076,1909f56bfc062723c751e8b465ee728b)  -> (artifact id: 'e9812747a970d33663cb26c9695d20d1') in 0.004776 seconds 
  Import took 0.007803 seconds .

========================================================================
Received Prepare
Registering precompiled user dll's ...
Registered in 0.005415 seconds.
Begin MonoManager ReloadAssembly
Native extension for WindowsStandalone target not found
Refreshing native plugins compatible for Editor in 0.48 ms, found 2 plugins.
Preloading 0 native plugins for Editor in 0.00 ms.
Mono: successfully reloaded assembly
- Completed reload, in  0.748 seconds
Domain Reload Profiling:
	ReloadAssembly (748ms)
		BeginReloadAssembly (99ms)
			ExecutionOrderSort (0ms)
			DisableScriptedObjects (3ms)
			BackupInstance (0ms)
			ReleaseScriptingObjects (0ms)
			CreateAndSetChildDomain (28ms)
		EndReloadAssembly (600ms)
			LoadAssemblies (84ms)
			RebuildTransferFunctionScriptingTraits (0ms)
			SetupTypeCache (203ms)
			ReleaseScriptCaches (1ms)
			RebuildScriptCaches (28ms)
			SetupLoadedEditorAssemblies (231ms)
				LogAssemblyErrors (0ms)
				InitializePlatformSupportModulesInManaged (4ms)
				SetLoadedEditorAssemblies (0ms)
				RefreshPlugins (1ms)
				BeforeProcessingInitializeOnLoad (68ms)
				ProcessInitializeOnLoadAttributes (145ms)
				ProcessInitializeOnLoadMethodAttributes (7ms)
				AfterProcessingInitializeOnLoad (6ms)
				EditorAssembliesLoaded (0ms)
			ExecutionOrderSort2 (0ms)
			AwakeInstancesAfterBackupRestoration (5ms)
Platform modules already initialized, skipping
Refreshing native plugins compatible for Editor in 0.48 ms, found 2 plugins.
Preloading 0 native plugins for Editor in 0.00 ms.
Unloading 1752 Unused Serialized files (Serialized files now loaded: 0)
System memory in use before: 126.0 MB.
System memory in use after: 126.1 MB.

Unloading 15 unused Assets to reduce memory usage. Loaded Objects now: 2283.
Total: 2.819700 ms (FindLiveObjects: 0.159300 ms CreateObjectMapping: 0.045900 ms MarkObjects: 2.593000 ms  DeleteObjects: 0.020600 ms)

AssetImportParameters requested are different than current active one (requested -> active):
  custom:framework-win-MediaFoundation: 216162199b28c13a410421893ffa2e32 -> 
  custom:video-decoder-ogg-theora: a1e56fd34408186e4bbccfd4996cb3dc -> 
  custom:container-muxer-webm: aa71ff27fc2769a1b78a27578f13a17b -> 
  custom:container-demuxer-webm: 4f35f7cbe854078d1ac9338744f61a02 -> 
  custom:container-demuxer-ogg: 62fdf1f143b41e24485cea50d1cbac27 -> 
  custom:video-encoder-webm-vp8: eb34c28f22e8b96e1ab97ce403110664 -> 
  custom:video-codec-MediaFoundation-h265: 746d11721c4dcdbdad8f713fa42b33f4 -> 
  custom:video-decoder-webm-vp8: 9c59270c3fd7afecdb556c50c9e8de78 -> 
  custom:audio-decoder-ogg-vorbis: bf7c407c2cedff20999df2af8eb42d56 -> 
  custom:audio-encoder-webm-vorbis: bf7c407c2cedff20999df2af8eb42d56 -> 
========================================================================
Received Prepare
Registering precompiled user dll's ...
Registered in 0.005885 seconds.
Begin MonoManager ReloadAssembly
Native extension for WindowsStandalone target not found
Refreshing native plugins compatible for Editor in 0.48 ms, found 2 plugins.
Preloading 0 native plugins for Editor in 0.00 ms.
Mono: successfully reloaded assembly
- Completed reload, in  0.745 seconds
Domain Reload Profiling:
	ReloadAssembly (745ms)
		BeginReloadAssembly (100ms)
			ExecutionOrderSort (0ms)
			DisableScriptedObjects (4ms)
			BackupInstance (0ms)
			ReleaseScriptingObjects (0ms)
			CreateAndSetChildDomain (31ms)
		EndReloadAssembly (596ms)
			LoadAssemblies (81ms)
			RebuildTransferFunctionScriptingTraits (0ms)
			SetupTypeCache (195ms)
			ReleaseScriptCaches (1ms)
			RebuildScriptCaches (27ms)
			SetupLoadedEditorAssemblies (238ms)
				LogAssemblyErrors (0ms)
				InitializePlatformSupportModulesInManaged (4ms)
				SetLoadedEditorAssemblies (0ms)
				RefreshPlugins (1ms)
				BeforeProcessingInitializeOnLoad (70ms)
				ProcessInitializeOnLoadAttributes (149ms)
				ProcessInitializeOnLoadMethodAttributes (7ms)
				AfterProcessingInitializeOnLoad (6ms)
				EditorAssembliesLoaded (0ms)
			ExecutionOrderSort2 (0ms)
			AwakeInstancesAfterBackupRestoration (5ms)
Platform modules already initialized, skipping
Refreshing native plugins compatible for Editor in 0.48 ms, found 2 plugins.
Preloading 0 native plugins for Editor in 0.00 ms.
Unloading 1752 Unused Serialized files (Serialized files now loaded: 0)
System memory in use before: 126.0 MB.
System memory in use after: 126.1 MB.

Unloading 15 unused Assets to reduce memory usage. Loaded Objects now: 2285.
Total: 2.582600 ms (FindLiveObjects: 0.131500 ms CreateObjectMapping: 0.037800 ms MarkObjects: 2.392500 ms  DeleteObjects: 0.020100 ms)

AssetImportParameters requested are different than current active one (requested -> active):
  custom:framework-win-MediaFoundation: 216162199b28c13a410421893ffa2e32 -> 
  custom:video-decoder-ogg-theora: a1e56fd34408186e4bbccfd4996cb3dc -> 
  custom:container-muxer-webm: aa71ff27fc2769a1b78a27578f13a17b -> 
  custom:container-demuxer-webm: 4f35f7cbe854078d1ac9338744f61a02 -> 
  custom:container-demuxer-ogg: 62fdf1f143b41e24485cea50d1cbac27 -> 
  custom:video-encoder-webm-vp8: eb34c28f22e8b96e1ab97ce403110664 -> 
  custom:video-codec-MediaFoundation-h265: 746d11721c4dcdbdad8f713fa42b33f4 -> 
  custom:video-decoder-webm-vp8: 9c59270c3fd7afecdb556c50c9e8de78 -> 
  custom:audio-decoder-ogg-vorbis: bf7c407c2cedff20999df2af8eb42d56 -> 
  custom:audio-encoder-webm-vorbis: bf7c407c2cedff20999df2af8eb42d56 -> 
========================================================================
Received Import Request.
  Time since last request: 136.019045 seconds.
  path: Assets/RpgAdv/Prefabs/Enemy_1Ragdoll.prefab
  artifactKey: Guid(4fde151939e27e5449023893b903cddf) Importer(815301076,1909f56bfc062723c751e8b465ee728b)
Start importing Assets/RpgAdv/Prefabs/Enemy_1Ragdoll.prefab using Guid(4fde151939e27e5449023893b903cddf) Importer(815301076,1909f56bfc062723c751e8b465ee728b)  -> (artifact id: 'a514b33e3b33c5b3f1899c5c29ac0cdd') in 0.144464 seconds 
  Import took 0.153029 seconds .

========================================================================
Received Import Request.
  Time since last request: 0.210413 seconds.
  path: Assets/RpgAdv/Prefabs/Enemy_1Ragdoll.prefab
  artifactKey: Guid(4fde151939e27e5449023893b903cddf) Importer(815301076,1909f56bfc062723c751e8b465ee728b)
Start importing Assets/RpgAdv/Prefabs/Enemy_1Ragdoll.prefab using Guid(4fde151939e27e5449023893b903cddf) Importer(815301076,1909f56bfc062723c751e8b465ee728b)  -> (artifact id: '08769e3b998e203c67794fca02914587') in 0.096646 seconds 
  Import took 0.105812 seconds .

========================================================================
Received Prepare
Registering precompiled user dll's ...
Registered in 0.004983 seconds.
Begin MonoManager ReloadAssembly
Native extension for WindowsStandalone target not found
Refreshing native plugins compatible for Editor in 0.49 ms, found 2 plugins.
Preloading 0 native plugins for Editor in 0.00 ms.
Mono: successfully reloaded assembly
- Completed reload, in  0.911 seconds
Domain Reload Profiling:
	ReloadAssembly (911ms)
		BeginReloadAssembly (115ms)
			ExecutionOrderSort (0ms)
			DisableScriptedObjects (3ms)
			BackupInstance (0ms)
			ReleaseScriptingObjects (0ms)
			CreateAndSetChildDomain (33ms)
		EndReloadAssembly (744ms)
			LoadAssemblies (96ms)
			RebuildTransferFunctionScriptingTraits (0ms)
			SetupTypeCache (279ms)
			ReleaseScriptCaches (1ms)
			RebuildScriptCaches (36ms)
			SetupLoadedEditorAssemblies (266ms)
				LogAssemblyErrors (0ms)
				InitializePlatformSupportModulesInManaged (4ms)
				SetLoadedEditorAssemblies (0ms)
				RefreshPlugins (1ms)
				BeforeProcessingInitializeOnLoad (86ms)
				ProcessInitializeOnLoadAttributes (161ms)
				ProcessInitializeOnLoadMethodAttributes (8ms)
				AfterProcessingInitializeOnLoad (6ms)
				EditorAssembliesLoaded (0ms)
			ExecutionOrderSort2 (0ms)
			AwakeInstancesAfterBackupRestoration (5ms)
Platform modules already initialized, skipping
Refreshing native plugins compatible for Editor in 0.48 ms, found 2 plugins.
Preloading 0 native plugins for Editor in 0.00 ms.
Unloading 1752 Unused Serialized files (Serialized files now loaded: 0)
System memory in use before: 126.0 MB.
System memory in use after: 126.1 MB.

Unloading 15 unused Assets to reduce memory usage. Loaded Objects now: 2288.
Total: 2.526600 ms (FindLiveObjects: 0.140500 ms CreateObjectMapping: 0.040600 ms MarkObjects: 2.322600 ms  DeleteObjects: 0.022200 ms)

AssetImportParameters requested are different than current active one (requested -> active):
  custom:framework-win-MediaFoundation: 216162199b28c13a410421893ffa2e32 -> 
  custom:video-decoder-ogg-theora: a1e56fd34408186e4bbccfd4996cb3dc -> 
  custom:container-muxer-webm: aa71ff27fc2769a1b78a27578f13a17b -> 
  custom:container-demuxer-webm: 4f35f7cbe854078d1ac9338744f61a02 -> 
  custom:container-demuxer-ogg: 62fdf1f143b41e24485cea50d1cbac27 -> 
  custom:video-encoder-webm-vp8: eb34c28f22e8b96e1ab97ce403110664 -> 
  custom:video-codec-MediaFoundation-h265: 746d11721c4dcdbdad8f713fa42b33f4 -> 
  custom:video-decoder-webm-vp8: 9c59270c3fd7afecdb556c50c9e8de78 -> 
  custom:audio-decoder-ogg-vorbis: bf7c407c2cedff20999df2af8eb42d56 -> 
  custom:audio-encoder-webm-vorbis: bf7c407c2cedff20999df2af8eb42d56 -> 
========================================================================
Received Prepare
Registering precompiled user dll's ...
Registered in 0.004489 seconds.
Begin MonoManager ReloadAssembly
Native extension for WindowsStandalone target not found
Refreshing native plugins compatible for Editor in 0.49 ms, found 2 plugins.
Preloading 0 native plugins for Editor in 0.00 ms.
Mono: successfully reloaded assembly
- Completed reload, in  0.773 seconds
Domain Reload Profiling:
	ReloadAssembly (773ms)
		BeginReloadAssembly (96ms)
			ExecutionOrderSort (0ms)
			DisableScriptedObjects (3ms)
			BackupInstance (0ms)
			ReleaseScriptingObjects (0ms)
			CreateAndSetChildDomain (29ms)
		EndReloadAssembly (629ms)
			LoadAssemblies (76ms)
			RebuildTransferFunctionScriptingTraits (0ms)
			SetupTypeCache (196ms)
			ReleaseScriptCaches (1ms)
			RebuildScriptCaches (29ms)
			SetupLoadedEditorAssemblies (266ms)
				LogAssemblyErrors (0ms)
				InitializePlatformSupportModulesInManaged (4ms)
				SetLoadedEditorAssemblies (0ms)
				RefreshPlugins (1ms)
				BeforeProcessingInitializeOnLoad (71ms)
				ProcessInitializeOnLoadAttributes (170ms)
				ProcessInitializeOnLoadMethodAttributes (11ms)
				AfterProcessingInitializeOnLoad (8ms)
				EditorAssembliesLoaded (0ms)
			ExecutionOrderSort2 (0ms)
			AwakeInstancesAfterBackupRestoration (9ms)
Platform modules already initialized, skipping
Refreshing native plugins compatible for Editor in 0.48 ms, found 2 plugins.
Preloading 0 native plugins for Editor in 0.00 ms.
Unloading 1752 Unused Serialized files (Serialized files now loaded: 0)
System memory in use before: 126.0 MB.
System memory in use after: 126.1 MB.

Unloading 15 unused Assets to reduce memory usage. Loaded Objects now: 2290.
Total: 3.247600 ms (FindLiveObjects: 0.152400 ms CreateObjectMapping: 0.046600 ms MarkObjects: 3.008900 ms  DeleteObjects: 0.038500 ms)

AssetImportParameters requested are different than current active one (requested -> active):
  custom:framework-win-MediaFoundation: 216162199b28c13a410421893ffa2e32 -> 
  custom:video-decoder-ogg-theora: a1e56fd34408186e4bbccfd4996cb3dc -> 
  custom:container-muxer-webm: aa71ff27fc2769a1b78a27578f13a17b -> 
  custom:container-demuxer-webm: 4f35f7cbe854078d1ac9338744f61a02 -> 
  custom:container-demuxer-ogg: 62fdf1f143b41e24485cea50d1cbac27 -> 
  custom:video-encoder-webm-vp8: eb34c28f22e8b96e1ab97ce403110664 -> 
  custom:video-codec-MediaFoundation-h265: 746d11721c4dcdbdad8f713fa42b33f4 -> 
  custom:video-decoder-webm-vp8: 9c59270c3fd7afecdb556c50c9e8de78 -> 
  custom:audio-decoder-ogg-vorbis: bf7c407c2cedff20999df2af8eb42d56 -> 
  custom:audio-encoder-webm-vorbis: bf7c407c2cedff20999df2af8eb42d56 -> 
========================================================================
Received Import Request.
  Time since last request: 453.033750 seconds.
  path: Assets/RpgAdv/Prefabs/New Folder
  artifactKey: Guid(c4a0dc3bb485b8c4b8094887e860f106) Importer(815301076,1909f56bfc062723c751e8b465ee728b)
Start importing Assets/RpgAdv/Prefabs/New Folder using Guid(c4a0dc3bb485b8c4b8094887e860f106) Importer(815301076,1909f56bfc062723c751e8b465ee728b)  -> (artifact id: '60565274c620e240fb00b5754b773d21') in 0.005751 seconds 
  Import took 0.010010 seconds .

AssetImportWorkerClient::OnTransportError - code=2 error=End of file
